Using pre-set license
Built from '2021.3/evg/staging/82bb020e-b03b1330/draft-0' branch; Version is '2021.3.16f1 (4016570cf34f) revision 4200023'; Using compiler version '192829333'; Build Type 'Release'
OS: 'Windows 11  (10.0.22621) 64bit CoreSingleLanguage' Language: 'pt' Physical Memory: 16147 MB
BatchMode: 1, IsHumanControllingUs: 0, StartBugReporterOnCrash: 0, Is64bit: 1, IsPro: 1

COMMAND LINE ARGUMENTS:
D:\2021.3.16f1\Editor\Unity.exe
-adb2
-batchMode
-noUpm
-name
AssetImportWorker1
-projectPath
D:/Projetos/Unity/MegamanRemix
-logFile
Logs/AssetImportWorker1.log
-srvPort
52243
Successfully changed project path to: D:/Projetos/Unity/MegamanRemix
D:/Projetos/Unity/MegamanRemix
[UnityMemory] Configuration Parameters - Can be set up in boot.config
    "memorysetup-bucket-allocator-granularity=16"
    "memorysetup-bucket-allocator-bucket-count=8"
    "memorysetup-bucket-allocator-block-size=33554432"
    "memorysetup-bucket-allocator-block-count=8"
    "memorysetup-main-allocator-block-size=16777216"
    "memorysetup-thread-allocator-block-size=16777216"
    "memorysetup-gfx-main-allocator-block-size=16777216"
    "memorysetup-gfx-thread-allocator-block-size=16777216"
    "memorysetup-cache-allocator-block-size=4194304"
    "memorysetup-typetree-allocator-block-size=2097152"
    "memorysetup-profiler-bucket-allocator-granularity=16"
    "memorysetup-profiler-bucket-allocator-bucket-count=8"
    "memorysetup-profiler-bucket-allocator-block-size=33554432"
    "memorysetup-profiler-bucket-allocator-block-count=8"
    "memorysetup-profiler-allocator-block-size=16777216"
    "memorysetup-profiler-editor-allocator-block-size=1048576"
    "memorysetup-temp-allocator-size-main=16777216"
    "memorysetup-job-temp-allocator-block-size=2097152"
    "memorysetup-job-temp-allocator-block-size-background=1048576"
    "memorysetup-job-temp-allocator-reduction-small-platforms=262144"
    "memorysetup-temp-allocator-size-background-worker=32768"
    "memorysetup-temp-allocator-size-job-worker=262144"
    "memorysetup-temp-allocator-size-preload-manager=33554432"
    "memorysetup-temp-allocator-size-nav-mesh-worker=65536"
    "memorysetup-temp-allocator-size-audio-worker=65536"
    "memorysetup-temp-allocator-size-cloud-worker=32768"
    "memorysetup-temp-allocator-size-gi-baking-worker=262144"
    "memorysetup-temp-allocator-size-gfx=262144"
Player connection [12904] Host "[IP] 192.168.0.162 [Port] 0 [Flags] 2 [Guid] 811103215 [EditorId] 811103215 [Version] 1048832 [Id] WindowsEditor(7,Badskyfox) [Debug] 1 [PackageName] WindowsEditor [ProjectName] Editor" joined multi-casting on [225.0.0.222:54997]...

Player connection [12904] Host "[IP] 192.168.0.162 [Port] 0 [Flags] 2 [Guid] 811103215 [EditorId] 811103215 [Version] 1048832 [Id] WindowsEditor(7,Badskyfox) [Debug] 1 [PackageName] WindowsEditor [ProjectName] Editor" joined alternative multi-casting on [225.0.0.222:34997]...

Refreshing native plugins compatible for Editor in 88.29 ms, found 4 plugins.
Preloading 0 native plugins for Editor in 0.00 ms.
Initialize engine version: 2021.3.16f1 (4016570cf34f)
[Subsystems] Discovering subsystems at path D:/2021.3.16f1/Editor/Data/Resources/UnitySubsystems
[Subsystems] Discovering subsystems at path D:/Projetos/Unity/MegamanRemix/Assets
GfxDevice: creating device client; threaded=0; jobified=0
Direct3D:
    Version:  Direct3D 11.0 [level 11.1]
    Renderer: NVIDIA GeForce GTX 1650 (ID=0x1f9d)
    Vendor:   NVIDIA
    VRAM:     3950 MB
    Driver:   31.0.15.3713
Initialize mono
Mono path[0] = 'D:/2021.3.16f1/Editor/Data/Managed'
Mono path[1] = 'D:/2021.3.16f1/Editor/Data/MonoBleedingEdge/lib/mono/unityjit-win32'
Mono config path = 'D:/2021.3.16f1/Editor/Data/MonoBleedingEdge/etc'
Using monoOptions --debugger-agent=transport=dt_socket,embedding=1,server=y,suspend=n,address=127.0.0.1:56324
Begin MonoManager ReloadAssembly
Registering precompiled unity dll's ...
Register platform support module: D:/2021.3.16f1/Editor/Data/PlaybackEngines/AndroidPlayer/UnityEditor.Android.Extensions.dll
Register platform support module: D:/2021.3.16f1/Editor/Data/PlaybackEngines/WindowsStandaloneSupport/UnityEditor.WindowsStandalone.Extensions.dll
Registered in 0.002426 seconds.
Native extension for WindowsStandalone target not found
Native extension for Android target not found
Refreshing native plugins compatible for Editor in 39.34 ms, found 4 plugins.
Preloading 0 native plugins for Editor in 0.00 ms.
Mono: successfully reloaded assembly
- Completed reload, in  0.575 seconds
Domain Reload Profiling:
	ReloadAssembly (575ms)
		BeginReloadAssembly (90ms)
			ExecutionOrderSort (0ms)
			DisableScriptedObjects (0ms)
			BackupInstance (0ms)
			ReleaseScriptingObjects (0ms)
			CreateAndSetChildDomain (1ms)
		EndReloadAssembly (381ms)
			LoadAssemblies (88ms)
			RebuildTransferFunctionScriptingTraits (0ms)
			SetupTypeCache (101ms)
			ReleaseScriptCaches (0ms)
			RebuildScriptCaches (25ms)
			SetupLoadedEditorAssemblies (214ms)
				LogAssemblyErrors (0ms)
				InitializePlatformSupportModulesInManaged (50ms)
				SetLoadedEditorAssemblies (0ms)
				RefreshPlugins (39ms)
				BeforeProcessingInitializeOnLoad (1ms)
				ProcessInitializeOnLoadAttributes (82ms)
				ProcessInitializeOnLoadMethodAttributes (40ms)
				AfterProcessingInitializeOnLoad (0ms)
				EditorAssembliesLoaded (0ms)
			ExecutionOrderSort2 (0ms)
			AwakeInstancesAfterBackupRestoration (0ms)
Platform modules already initialized, skipping
Registering precompiled user dll's ...
Registered in 0.008243 seconds.
Begin MonoManager ReloadAssembly
Native extension for WindowsStandalone target not found
Native extension for Android target not found
Refreshing native plugins compatible for Editor in 1.16 ms, found 4 plugins.
Preloading 0 native plugins for Editor in 0.00 ms.
Package Manager log level set to [2]
Mono: successfully reloaded assembly
- Completed reload, in  1.043 seconds
Domain Reload Profiling:
	ReloadAssembly (1043ms)
		BeginReloadAssembly (205ms)
			ExecutionOrderSort (0ms)
			DisableScriptedObjects (4ms)
			BackupInstance (0ms)
			ReleaseScriptingObjects (0ms)
			CreateAndSetChildDomain (129ms)
		EndReloadAssembly (743ms)
			LoadAssemblies (68ms)
			RebuildTransferFunctionScriptingTraits (0ms)
			SetupTypeCache (212ms)
			ReleaseScriptCaches (0ms)
			RebuildScriptCaches (44ms)
			SetupLoadedEditorAssemblies (390ms)
				LogAssemblyErrors (0ms)
				InitializePlatformSupportModulesInManaged (13ms)
				SetLoadedEditorAssemblies (1ms)
				RefreshPlugins (1ms)
				BeforeProcessingInitializeOnLoad (51ms)
				ProcessInitializeOnLoadAttributes (211ms)
				ProcessInitializeOnLoadMethodAttributes (112ms)
				AfterProcessingInitializeOnLoad (2ms)
				EditorAssembliesLoaded (0ms)
			ExecutionOrderSort2 (0ms)
			AwakeInstancesAfterBackupRestoration (5ms)
Platform modules already initialized, skipping
========================================================================
Worker process is ready to serve import requests
Launched and connected shader compiler UnityShaderCompiler.exe after 0.05 seconds
Refreshing native plugins compatible for Editor in 0.67 ms, found 4 plugins.
Preloading 0 native plugins for Editor in 0.00 ms.
Unloading 2335 Unused Serialized files (Serialized files now loaded: 0)
Unloading 77 unused Assets / (61.1 KB). Loaded Objects now: 2796.
Memory consumption went from 87.4 MB to 87.3 MB.
Total: 5.796200 ms (FindLiveObjects: 0.186400 ms CreateObjectMapping: 0.075900 ms MarkObjects: 5.442200 ms  DeleteObjects: 0.090700 ms)

AssetImportParameters requested are different than current active one (requested -> active):
  custom:video-decoder-ogg-theora: a1e56fd34408186e4bbccfd4996cb3dc -> 
  custom:container-muxer-webm: aa71ff27fc2769a1b78a27578f13a17b -> 
  custom:container-demuxer-webm: 4f35f7cbe854078d1ac9338744f61a02 -> 
  custom:video-encoder-webm-vp8: eb34c28f22e8b96e1ab97ce403110664 -> 
  custom:audio-encoder-webm-vorbis: bf7c407c2cedff20999df2af8eb42d56 -> 
  custom:framework-win-MediaFoundation: 216162199b28c13a410421893ffa2e32 -> 
  custom:container-demuxer-ogg: 62fdf1f143b41e24485cea50d1cbac27 -> 
  custom:video-decoder-webm-vp8: 9c59270c3fd7afecdb556c50c9e8de78 -> 
  custom:audio-decoder-ogg-vorbis: bf7c407c2cedff20999df2af8eb42d56 -> 
========================================================================
Received Import Request.
  Time since last request: 852929.268061 seconds.
  path: Assets/Level 2/Prefabs/cobra_0.prefab
  artifactKey: Guid(796e6719dc58ed54bb890142c470ffed) Importer(815301076,1909f56bfc062723c751e8b465ee728b)
Start importing Assets/Level 2/Prefabs/cobra_0.prefab using Guid(796e6719dc58ed54bb890142c470ffed) Importer(815301076,1909f56bfc062723c751e8b465ee728b)  -> (artifact id: '7c4d525838d446d4f980d69c9e85a75e') in 0.155400 seconds 
========================================================================
Received Import Request.
  Time since last request: 384.224515 seconds.
  path: Assets/Deserto/Areia.png
  artifactKey: Guid(057f2283f511af244b12f5a6ad09383a) Importer(815301076,1909f56bfc062723c751e8b465ee728b)
Start importing Assets/Deserto/Areia.png using Guid(057f2283f511af244b12f5a6ad09383a) Importer(815301076,1909f56bfc062723c751e8b465ee728b)  -> (artifact id: 'd4cdaa2c3e8be42c59627a3baf2624ea') in 0.031143 seconds 
========================================================================
Received Import Request.
  Time since last request: 0.652469 seconds.
  path: Assets/Deserto/Cactus.png
  artifactKey: Guid(32dbdbde539893742a26751239969f07) Importer(815301076,1909f56bfc062723c751e8b465ee728b)
Start importing Assets/Deserto/Cactus.png using Guid(32dbdbde539893742a26751239969f07) Importer(815301076,1909f56bfc062723c751e8b465ee728b)  -> (artifact id: 'f4af713bc6ad70a009beb87f460d246e') in 0.012347 seconds 
========================================================================
Received Import Request.
  Time since last request: 0.661796 seconds.
  path: Assets/Deserto/Casa.png
  artifactKey: Guid(b59b201e61510cf43921054abf162e7a) Importer(815301076,1909f56bfc062723c751e8b465ee728b)
Start importing Assets/Deserto/Casa.png using Guid(b59b201e61510cf43921054abf162e7a) Importer(815301076,1909f56bfc062723c751e8b465ee728b)  -> (artifact id: 'cbe048ecc2761ebd096698d2e9b5dbf6') in 0.121137 seconds 
========================================================================
Received Import Request.
  Time since last request: 0.591354 seconds.
  path: Assets/Deserto/Carroça.png
  artifactKey: Guid(d12bdd38fdb07a24b94514b77265862a) Importer(815301076,1909f56bfc062723c751e8b465ee728b)
Start importing Assets/Deserto/Carroça.png using Guid(d12bdd38fdb07a24b94514b77265862a) Importer(815301076,1909f56bfc062723c751e8b465ee728b)  -> (artifact id: '04fde8b369c88a32fec10acaad0ef979') in 0.186533 seconds 
========================================================================
Received Import Request.
  Time since last request: 0.000033 seconds.
  path: Assets/Deserto/Lugar.jpg
  artifactKey: Guid(16fdc5268a0e29f42826a1acc5d5a6be) Importer(815301076,1909f56bfc062723c751e8b465ee728b)
Start importing Assets/Deserto/Lugar.jpg using Guid(16fdc5268a0e29f42826a1acc5d5a6be) Importer(815301076,1909f56bfc062723c751e8b465ee728b)  -> (artifact id: '97636b6574bbabc35390ffde82e7f231') in 0.087588 seconds 
========================================================================
Received Import Request.
  Time since last request: 0.000088 seconds.
  path: Assets/Deserto/Igreja.png
  artifactKey: Guid(99eab300de4a3284b85a5163a91030d5) Importer(815301076,1909f56bfc062723c751e8b465ee728b)
Start importing Assets/Deserto/Igreja.png using Guid(99eab300de4a3284b85a5163a91030d5) Importer(815301076,1909f56bfc062723c751e8b465ee728b)  -> (artifact id: '85f13565a51be0d286dc58ba4831e458') in 0.052795 seconds 
========================================================================
Received Import Request.
  Time since last request: 0.000041 seconds.
  path: Assets/Deserto/Estrela.png
  artifactKey: Guid(1fe02d50945bad3468f2b1c8efd16ca3) Importer(815301076,1909f56bfc062723c751e8b465ee728b)
Start importing Assets/Deserto/Estrela.png using Guid(1fe02d50945bad3468f2b1c8efd16ca3) Importer(815301076,1909f56bfc062723c751e8b465ee728b)  -> (artifact id: '74be6dbdabcba888dad184b6f078a93f') in 0.156911 seconds 
========================================================================
Received Import Request.
  Time since last request: 0.000034 seconds.
  path: Assets/Deserto/Cobra.jpg
  artifactKey: Guid(7aa22873085d8584d8519c06d396748d) Importer(815301076,1909f56bfc062723c751e8b465ee728b)
Start importing Assets/Deserto/Cobra.jpg using Guid(7aa22873085d8584d8519c06d396748d) Importer(815301076,1909f56bfc062723c751e8b465ee728b)  -> (artifact id: '4469e976e6537f78eb145b2a365ee841') in 0.203867 seconds 
========================================================================
Received Import Request.
  Time since last request: 0.000139 seconds.
  path: Assets/Deserto/Desert100.png
  artifactKey: Guid(85378d792b41e744098f5e871991f236) Importer(815301076,1909f56bfc062723c751e8b465ee728b)
Start importing Assets/Deserto/Desert100.png using Guid(85378d792b41e744098f5e871991f236) Importer(815301076,1909f56bfc062723c751e8b465ee728b)  -> (artifact id: '533723759d4099f782d7ed69ca0c3731') in 0.145951 seconds 
========================================================================
Received Import Request.
  Time since last request: 0.000511 seconds.
  path: Assets/Deserto/Nuvem.png
  artifactKey: Guid(22b5abbe33cec494aac1213107916102) Importer(815301076,1909f56bfc062723c751e8b465ee728b)
Start importing Assets/Deserto/Nuvem.png using Guid(22b5abbe33cec494aac1213107916102) Importer(815301076,1909f56bfc062723c751e8b465ee728b)  -> (artifact id: '8dd7e4de2708e7391c776e7c05105f88') in 0.044287 seconds 
========================================================================
Received Import Request.
  Time since last request: 0.000037 seconds.
  path: Assets/Deserto/Pedrinha.png
  artifactKey: Guid(e49a65c9aafdd7a48a7900321b0f5a8e) Importer(815301076,1909f56bfc062723c751e8b465ee728b)
Start importing Assets/Deserto/Pedrinha.png using Guid(e49a65c9aafdd7a48a7900321b0f5a8e) Importer(815301076,1909f56bfc062723c751e8b465ee728b)  -> (artifact id: '4c57b4c55b7fe669305c8cd58f7ca2ed') in 0.071766 seconds 
Editor requested this worker to shutdown with reason: Scaling down because of idle timeout
AssetImportWorker is now disconnected from the server
Process exiting
Exiting without the bug reporter. Application will terminate with return code 0