Using pre-set license
Built from '2021.3/evg/staging/82bb020e-b03b1330/draft-0' branch; Version is '2021.3.16f1 (4016570cf34f) revision 4200023'; Using compiler version '192829333'; Build Type 'Release'
OS: 'Windows 11  (10.0.22621) 64bit CoreSingleLanguage' Language: 'pt' Physical Memory: 16147 MB
BatchMode: 1, IsHumanControllingUs: 0, StartBugReporterOnCrash: 0, Is64bit: 1, IsPro: 1

COMMAND LINE ARGUMENTS:
D:\2021.3.16f1\Editor\Unity.exe
-adb2
-batchMode
-noUpm
-name
AssetImportWorker2
-projectPath
D:/Projetos/Unity/MegamanRemix
-logFile
Logs/AssetImportWorker2.log
-srvPort
49386
Successfully changed project path to: D:/Projetos/Unity/MegamanRemix
D:/Projetos/Unity/MegamanRemix
[UnityMemory] Configuration Parameters - Can be set up in boot.config
    "memorysetup-bucket-allocator-granularity=16"
    "memorysetup-bucket-allocator-bucket-count=8"
    "memorysetup-bucket-allocator-block-size=33554432"
    "memorysetup-bucket-allocator-block-count=8"
    "memorysetup-main-allocator-block-size=16777216"
    "memorysetup-thread-allocator-block-size=16777216"
    "memorysetup-gfx-main-allocator-block-size=16777216"
    "memorysetup-gfx-thread-allocator-block-size=16777216"
    "memorysetup-cache-allocator-block-size=4194304"
    "memorysetup-typetree-allocator-block-size=2097152"
    "memorysetup-profiler-bucket-allocator-granularity=16"
    "memorysetup-profiler-bucket-allocator-bucket-count=8"
    "memorysetup-profiler-bucket-allocator-block-size=33554432"
    "memorysetup-profiler-bucket-allocator-block-count=8"
    "memorysetup-profiler-allocator-block-size=16777216"
    "memorysetup-profiler-editor-allocator-block-size=1048576"
    "memorysetup-temp-allocator-size-main=16777216"
    "memorysetup-job-temp-allocator-block-size=2097152"
    "memorysetup-job-temp-allocator-block-size-background=1048576"
    "memorysetup-job-temp-allocator-reduction-small-platforms=262144"
    "memorysetup-temp-allocator-size-background-worker=32768"
    "memorysetup-temp-allocator-size-job-worker=262144"
    "memorysetup-temp-allocator-size-preload-manager=33554432"
    "memorysetup-temp-allocator-size-nav-mesh-worker=65536"
    "memorysetup-temp-allocator-size-audio-worker=65536"
    "memorysetup-temp-allocator-size-cloud-worker=32768"
    "memorysetup-temp-allocator-size-gi-baking-worker=262144"
    "memorysetup-temp-allocator-size-gfx=262144"
Player connection [16672] Host "[IP] 192.168.0.162 [Port] 0 [Flags] 2 [Guid] 1581182064 [EditorId] 1581182064 [Version] 1048832 [Id] WindowsEditor(7,Badskyfox) [Debug] 1 [PackageName] WindowsEditor [ProjectName] Editor" joined multi-casting on [225.0.0.222:54997]...

Player connection [16672] Host "[IP] 192.168.0.162 [Port] 0 [Flags] 2 [Guid] 1581182064 [EditorId] 1581182064 [Version] 1048832 [Id] WindowsEditor(7,Badskyfox) [Debug] 1 [PackageName] WindowsEditor [ProjectName] Editor" joined alternative multi-casting on [225.0.0.222:34997]...

Refreshing native plugins compatible for Editor in 62.20 ms, found 4 plugins.
Preloading 0 native plugins for Editor in 0.00 ms.
Initialize engine version: 2021.3.16f1 (4016570cf34f)
[Subsystems] Discovering subsystems at path D:/2021.3.16f1/Editor/Data/Resources/UnitySubsystems
[Subsystems] Discovering subsystems at path D:/Projetos/Unity/MegamanRemix/Assets
GfxDevice: creating device client; threaded=0; jobified=0
Direct3D:
    Version:  Direct3D 11.0 [level 11.1]
    Renderer: NVIDIA GeForce GTX 1650 (ID=0x1f9d)
    Vendor:   NVIDIA
    VRAM:     3950 MB
    Driver:   31.0.15.3713
Initialize mono
Mono path[0] = 'D:/2021.3.16f1/Editor/Data/Managed'
Mono path[1] = 'D:/2021.3.16f1/Editor/Data/MonoBleedingEdge/lib/mono/unityjit-win32'
Mono config path = 'D:/2021.3.16f1/Editor/Data/MonoBleedingEdge/etc'
Using monoOptions --debugger-agent=transport=dt_socket,embedding=1,server=y,suspend=n,address=127.0.0.1:56740
Begin MonoManager ReloadAssembly
Registering precompiled unity dll's ...
Register platform support module: D:/2021.3.16f1/Editor/Data/PlaybackEngines/AndroidPlayer/UnityEditor.Android.Extensions.dll
Register platform support module: D:/2021.3.16f1/Editor/Data/PlaybackEngines/WindowsStandaloneSupport/UnityEditor.WindowsStandalone.Extensions.dll
Registered in 0.003220 seconds.
Native extension for WindowsStandalone target not found
Native extension for Android target not found
Refreshing native plugins compatible for Editor in 47.83 ms, found 4 plugins.
Preloading 0 native plugins for Editor in 0.00 ms.
Mono: successfully reloaded assembly
- Completed reload, in  0.703 seconds
Domain Reload Profiling:
	ReloadAssembly (704ms)
		BeginReloadAssembly (83ms)
			ExecutionOrderSort (0ms)
			DisableScriptedObjects (0ms)
			BackupInstance (0ms)
			ReleaseScriptingObjects (0ms)
			CreateAndSetChildDomain (1ms)
		EndReloadAssembly (499ms)
			LoadAssemblies (83ms)
			RebuildTransferFunctionScriptingTraits (0ms)
			SetupTypeCache (144ms)
			ReleaseScriptCaches (0ms)
			RebuildScriptCaches (27ms)
			SetupLoadedEditorAssemblies (268ms)
				LogAssemblyErrors (0ms)
				InitializePlatformSupportModulesInManaged (58ms)
				SetLoadedEditorAssemblies (0ms)
				RefreshPlugins (48ms)
				BeforeProcessingInitializeOnLoad (1ms)
				ProcessInitializeOnLoadAttributes (108ms)
				ProcessInitializeOnLoadMethodAttributes (52ms)
				AfterProcessingInitializeOnLoad (0ms)
				EditorAssembliesLoaded (0ms)
			ExecutionOrderSort2 (0ms)
			AwakeInstancesAfterBackupRestoration (0ms)
Platform modules already initialized, skipping
Registering precompiled user dll's ...
Registered in 0.009454 seconds.
Begin MonoManager ReloadAssembly
Native extension for WindowsStandalone target not found
Native extension for Android target not found
Refreshing native plugins compatible for Editor in 0.98 ms, found 4 plugins.
Preloading 0 native plugins for Editor in 0.00 ms.
Package Manager log level set to [2]
Mono: successfully reloaded assembly
- Completed reload, in  1.330 seconds
Domain Reload Profiling:
	ReloadAssembly (1331ms)
		BeginReloadAssembly (228ms)
			ExecutionOrderSort (0ms)
			DisableScriptedObjects (7ms)
			BackupInstance (0ms)
			ReleaseScriptingObjects (0ms)
			CreateAndSetChildDomain (123ms)
		EndReloadAssembly (978ms)
			LoadAssemblies (97ms)
			RebuildTransferFunctionScriptingTraits (0ms)
			SetupTypeCache (244ms)
			ReleaseScriptCaches (0ms)
			RebuildScriptCaches (45ms)
			SetupLoadedEditorAssemblies (571ms)
				LogAssemblyErrors (0ms)
				InitializePlatformSupportModulesInManaged (12ms)
				SetLoadedEditorAssemblies (1ms)
				RefreshPlugins (1ms)
				BeforeProcessingInitializeOnLoad (51ms)
				ProcessInitializeOnLoadAttributes (313ms)
				ProcessInitializeOnLoadMethodAttributes (190ms)
				AfterProcessingInitializeOnLoad (2ms)
				EditorAssembliesLoaded (0ms)
			ExecutionOrderSort2 (0ms)
			AwakeInstancesAfterBackupRestoration (7ms)
Platform modules already initialized, skipping
========================================================================
Worker process is ready to serve import requests
Launched and connected shader compiler UnityShaderCompiler.exe after 0.07 seconds
Refreshing native plugins compatible for Editor in 1.07 ms, found 4 plugins.
Preloading 0 native plugins for Editor in 0.00 ms.
Unloading 2340 Unused Serialized files (Serialized files now loaded: 0)
Unloading 77 unused Assets / (61.1 KB). Loaded Objects now: 2801.
Memory consumption went from 87.4 MB to 87.4 MB.
Total: 5.383000 ms (FindLiveObjects: 0.281200 ms CreateObjectMapping: 0.111600 ms MarkObjects: 4.887400 ms  DeleteObjects: 0.101500 ms)

AssetImportParameters requested are different than current active one (requested -> active):
  custom:video-decoder-ogg-theora: a1e56fd34408186e4bbccfd4996cb3dc -> 
  custom:container-muxer-webm: aa71ff27fc2769a1b78a27578f13a17b -> 
  custom:container-demuxer-webm: 4f35f7cbe854078d1ac9338744f61a02 -> 
  custom:video-encoder-webm-vp8: eb34c28f22e8b96e1ab97ce403110664 -> 
  custom:audio-encoder-webm-vorbis: bf7c407c2cedff20999df2af8eb42d56 -> 
  custom:framework-win-MediaFoundation: 216162199b28c13a410421893ffa2e32 -> 
  custom:container-demuxer-ogg: 62fdf1f143b41e24485cea50d1cbac27 -> 
  custom:video-decoder-webm-vp8: 9c59270c3fd7afecdb556c50c9e8de78 -> 
  custom:audio-decoder-ogg-vorbis: bf7c407c2cedff20999df2af8eb42d56 -> 
========================================================================
Received Import Request.
  Time since last request: 1126149.942067 seconds.
  path: Assets/Level 2/Animations/PlacaDeTrem.anim
  artifactKey: Guid(490ce4f5c996fa645a4a675a3f2ff483) Importer(815301076,1909f56bfc062723c751e8b465ee728b)
Start importing Assets/Level 2/Animations/PlacaDeTrem.anim using Guid(490ce4f5c996fa645a4a675a3f2ff483) Importer(815301076,1909f56bfc062723c751e8b465ee728b)  -> (artifact id: '9f86a7b14686f8ab22e9e94f22303558') in 0.032912 seconds 
========================================================================
Received Import Request.
  Time since last request: 4.784873 seconds.
  path: Assets/Level 2/Prefabs/Cacto.prefab
  artifactKey: Guid(1cbd585b58182ed4ba34b51c43eccb01) Importer(815301076,1909f56bfc062723c751e8b465ee728b)
Start importing Assets/Level 2/Prefabs/Cacto.prefab using Guid(1cbd585b58182ed4ba34b51c43eccb01) Importer(815301076,1909f56bfc062723c751e8b465ee728b)  -> (artifact id: 'f0226323d9ac5a03320f463d96beefe8') in 0.115895 seconds 
========================================================================
Received Import Request.
  Time since last request: 0.502632 seconds.
  path: Assets/Level 2/Sprites/Areia 1.png
  artifactKey: Guid(6dbf0e757a2ae9747b7768a3720db333) Importer(815301076,1909f56bfc062723c751e8b465ee728b)
Start importing Assets/Level 2/Sprites/Areia 1.png using Guid(6dbf0e757a2ae9747b7768a3720db333) Importer(815301076,1909f56bfc062723c751e8b465ee728b)  -> (artifact id: 'f26814ae586e70f14322a9d957a0a5a9') in 0.028937 seconds 
========================================================================
Received Import Request.
  Time since last request: 0.649032 seconds.
  path: Assets/Level 2/Sprites/Bar.png
  artifactKey: Guid(d846bb65b23c8d84d897efd510d310b9) Importer(815301076,1909f56bfc062723c751e8b465ee728b)
Start importing Assets/Level 2/Sprites/Bar.png using Guid(d846bb65b23c8d84d897efd510d310b9) Importer(815301076,1909f56bfc062723c751e8b465ee728b)  -> (artifact id: '7e519f79d29540638103cb6053dab3f2') in 0.023921 seconds 
========================================================================
Received Import Request.
  Time since last request: 0.665833 seconds.
  path: Assets/Level 2/Sprites/Mini TNT.png
  artifactKey: Guid(7fb07aa0610b6a04ba88569b4c81c5ca) Importer(815301076,1909f56bfc062723c751e8b465ee728b)
Start importing Assets/Level 2/Sprites/Mini TNT.png using Guid(7fb07aa0610b6a04ba88569b4c81c5ca) Importer(815301076,1909f56bfc062723c751e8b465ee728b)  -> (artifact id: '4fa4dec1f63da0b46a73b3136550ab7a') in 0.014200 seconds 
========================================================================
Received Import Request.
  Time since last request: 0.000023 seconds.
  path: Assets/Level 2/Sprites/Pedras.png
  artifactKey: Guid(fdf576320af1ba94d8104ffe85e139d7) Importer(815301076,1909f56bfc062723c751e8b465ee728b)
Start importing Assets/Level 2/Sprites/Pedras.png using Guid(fdf576320af1ba94d8104ffe85e139d7) Importer(815301076,1909f56bfc062723c751e8b465ee728b)  -> (artifact id: 'd41114f46b5109cc324da2e3281d2a12') in 0.053610 seconds 
========================================================================
Received Import Request.
  Time since last request: 0.000049 seconds.
  path: Assets/Level 2/Sprites/sign.png
  artifactKey: Guid(c9255837ad3234c4a984f59ae7297dbc) Importer(815301076,1909f56bfc062723c751e8b465ee728b)
Start importing Assets/Level 2/Sprites/sign.png using Guid(c9255837ad3234c4a984f59ae7297dbc) Importer(815301076,1909f56bfc062723c751e8b465ee728b)  -> (artifact id: '4f59ab25305271fa4b50b2cb6a5fea7d') in 0.054717 seconds 
========================================================================
Received Import Request.
  Time since last request: 0.000042 seconds.
  path: Assets/Level 2/Sprites/Pedras_2.asset
  artifactKey: Guid(3a586af193f602140907b68d4fbc4f14) Importer(815301076,1909f56bfc062723c751e8b465ee728b)
Start importing Assets/Level 2/Sprites/Pedras_2.asset using Guid(3a586af193f602140907b68d4fbc4f14) Importer(815301076,1909f56bfc062723c751e8b465ee728b)  -> (artifact id: '1b33c9beaa904b0860bea18671979d1a') in 0.022751 seconds 
========================================================================
Received Import Request.
  Time since last request: 0.000033 seconds.
  path: Assets/Level 2/Sprites/Vagão.jpg
  artifactKey: Guid(ff96447e252532d439c39fc6d34deba7) Importer(815301076,1909f56bfc062723c751e8b465ee728b)
Start importing Assets/Level 2/Sprites/Vagão.jpg using Guid(ff96447e252532d439c39fc6d34deba7) Importer(815301076,1909f56bfc062723c751e8b465ee728b)  -> (artifact id: 'a37ed131eeaaa9355f4d856788b7156d') in 0.054611 seconds 
========================================================================
Received Import Request.
  Time since last request: 0.000075 seconds.
  path: Assets/Level 2/Sprites/Estrela.png
  artifactKey: Guid(3be7387e657a5b74084a1b28bef9338f) Importer(815301076,1909f56bfc062723c751e8b465ee728b)
Start importing Assets/Level 2/Sprites/Estrela.png using Guid(3be7387e657a5b74084a1b28bef9338f) Importer(815301076,1909f56bfc062723c751e8b465ee728b)  -> (artifact id: '8b97112903fecaffe65916ce2b6802d5') in 0.056415 seconds 
========================================================================
Received Import Request.
  Time since last request: 0.000051 seconds.
  path: Assets/Level 2/Sprites/Broken House.png
  artifactKey: Guid(263f8cbbecddabb41890640502d8592a) Importer(815301076,1909f56bfc062723c751e8b465ee728b)
Start importing Assets/Level 2/Sprites/Broken House.png using Guid(263f8cbbecddabb41890640502d8592a) Importer(815301076,1909f56bfc062723c751e8b465ee728b)  -> (artifact id: '8ef2643399690400304f864bc0f523b2') in 0.034154 seconds 
========================================================================
Received Import Request.
  Time since last request: 0.000067 seconds.
  path: Assets/Level 2/Sprites/Fundo Cenário.png
  artifactKey: Guid(8eb53a2e8b566714d835c6e0dc97a16c) Importer(815301076,1909f56bfc062723c751e8b465ee728b)
Start importing Assets/Level 2/Sprites/Fundo Cenário.png using Guid(8eb53a2e8b566714d835c6e0dc97a16c) Importer(815301076,1909f56bfc062723c751e8b465ee728b)  -> (artifact id: '2be2a97ed2d50ec9ad4577416288ee0d') in 0.041198 seconds 
Editor requested this worker to shutdown with reason: Scaling down because of idle timeout
AssetImportWorker is now disconnected from the server
Process exiting
Exiting without the bug reporter. Application will terminate with return code 0