Using pre-set license
Built from '2021.3/evg/staging/82bb020e-b03b1330/draft-0' branch; Version is '2021.3.16f1 (4016570cf34f) revision 4200023'; Using compiler version '192829333'; Build Type 'Release'
OS: 'Windows 11  (10.0.22621) 64bit CoreSingleLanguage' Language: 'pt' Physical Memory: 16147 MB
BatchMode: 1, IsHumanControllingUs: 0, StartBugReporterOnCrash: 0, Is64bit: 1, IsPro: 1

COMMAND LINE ARGUMENTS:
D:\2021.3.16f1\Editor\Unity.exe
-adb2
-batchMode
-noUpm
-name
AssetImportWorker4
-projectPath
D:/Projetos/Unity/MegamanRemix
-logFile
Logs/AssetImportWorker4.log
-srvPort
52243
Successfully changed project path to: D:/Projetos/Unity/MegamanRemix
D:/Projetos/Unity/MegamanRemix
[UnityMemory] Configuration Parameters - Can be set up in boot.config
    "memorysetup-bucket-allocator-granularity=16"
    "memorysetup-bucket-allocator-bucket-count=8"
    "memorysetup-bucket-allocator-block-size=33554432"
    "memorysetup-bucket-allocator-block-count=8"
    "memorysetup-main-allocator-block-size=16777216"
    "memorysetup-thread-allocator-block-size=16777216"
    "memorysetup-gfx-main-allocator-block-size=16777216"
    "memorysetup-gfx-thread-allocator-block-size=16777216"
    "memorysetup-cache-allocator-block-size=4194304"
    "memorysetup-typetree-allocator-block-size=2097152"
    "memorysetup-profiler-bucket-allocator-granularity=16"
    "memorysetup-profiler-bucket-allocator-bucket-count=8"
    "memorysetup-profiler-bucket-allocator-block-size=33554432"
    "memorysetup-profiler-bucket-allocator-block-count=8"
    "memorysetup-profiler-allocator-block-size=16777216"
    "memorysetup-profiler-editor-allocator-block-size=1048576"
    "memorysetup-temp-allocator-size-main=16777216"
    "memorysetup-job-temp-allocator-block-size=2097152"
    "memorysetup-job-temp-allocator-block-size-background=1048576"
    "memorysetup-job-temp-allocator-reduction-small-platforms=262144"
    "memorysetup-temp-allocator-size-background-worker=32768"
    "memorysetup-temp-allocator-size-job-worker=262144"
    "memorysetup-temp-allocator-size-preload-manager=33554432"
    "memorysetup-temp-allocator-size-nav-mesh-worker=65536"
    "memorysetup-temp-allocator-size-audio-worker=65536"
    "memorysetup-temp-allocator-size-cloud-worker=32768"
    "memorysetup-temp-allocator-size-gi-baking-worker=262144"
    "memorysetup-temp-allocator-size-gfx=262144"
Player connection [43576] Host "[IP] 192.168.0.162 [Port] 0 [Flags] 2 [Guid] 4191876038 [EditorId] 4191876038 [Version] 1048832 [Id] WindowsEditor(7,Badskyfox) [Debug] 1 [PackageName] WindowsEditor [ProjectName] Editor" joined multi-casting on [225.0.0.222:54997]...

Player connection [43576] Host "[IP] 192.168.0.162 [Port] 0 [Flags] 2 [Guid] 4191876038 [EditorId] 4191876038 [Version] 1048832 [Id] WindowsEditor(7,Badskyfox) [Debug] 1 [PackageName] WindowsEditor [ProjectName] Editor" joined alternative multi-casting on [225.0.0.222:34997]...

Refreshing native plugins compatible for Editor in 85.14 ms, found 4 plugins.
Preloading 0 native plugins for Editor in 0.00 ms.
Initialize engine version: 2021.3.16f1 (4016570cf34f)
[Subsystems] Discovering subsystems at path D:/2021.3.16f1/Editor/Data/Resources/UnitySubsystems
[Subsystems] Discovering subsystems at path D:/Projetos/Unity/MegamanRemix/Assets
GfxDevice: creating device client; threaded=0; jobified=0
Direct3D:
    Version:  Direct3D 11.0 [level 11.1]
    Renderer: NVIDIA GeForce GTX 1650 (ID=0x1f9d)
    Vendor:   NVIDIA
    VRAM:     3950 MB
    Driver:   31.0.15.3713
Initialize mono
Mono path[0] = 'D:/2021.3.16f1/Editor/Data/Managed'
Mono path[1] = 'D:/2021.3.16f1/Editor/Data/MonoBleedingEdge/lib/mono/unityjit-win32'
Mono config path = 'D:/2021.3.16f1/Editor/Data/MonoBleedingEdge/etc'
Using monoOptions --debugger-agent=transport=dt_socket,embedding=1,server=y,suspend=n,address=127.0.0.1:56792
Begin MonoManager ReloadAssembly
Registering precompiled unity dll's ...
Register platform support module: D:/2021.3.16f1/Editor/Data/PlaybackEngines/AndroidPlayer/UnityEditor.Android.Extensions.dll
Register platform support module: D:/2021.3.16f1/Editor/Data/PlaybackEngines/WindowsStandaloneSupport/UnityEditor.WindowsStandalone.Extensions.dll
Registered in 0.004129 seconds.
Native extension for WindowsStandalone target not found
Native extension for Android target not found
Refreshing native plugins compatible for Editor in 54.81 ms, found 4 plugins.
Preloading 0 native plugins for Editor in 0.00 ms.
Mono: successfully reloaded assembly
- Completed reload, in  0.818 seconds
Domain Reload Profiling:
	ReloadAssembly (818ms)
		BeginReloadAssembly (97ms)
			ExecutionOrderSort (0ms)
			DisableScriptedObjects (0ms)
			BackupInstance (0ms)
			ReleaseScriptingObjects (0ms)
			CreateAndSetChildDomain (1ms)
		EndReloadAssembly (581ms)
			LoadAssemblies (97ms)
			RebuildTransferFunctionScriptingTraits (0ms)
			SetupTypeCache (157ms)
			ReleaseScriptCaches (0ms)
			RebuildScriptCaches (30ms)
			SetupLoadedEditorAssemblies (344ms)
				LogAssemblyErrors (0ms)
				InitializePlatformSupportModulesInManaged (68ms)
				SetLoadedEditorAssemblies (0ms)
				RefreshPlugins (55ms)
				BeforeProcessingInitializeOnLoad (1ms)
				ProcessInitializeOnLoadAttributes (146ms)
				ProcessInitializeOnLoadMethodAttributes (74ms)
				AfterProcessingInitializeOnLoad (0ms)
				EditorAssembliesLoaded (0ms)
			ExecutionOrderSort2 (0ms)
			AwakeInstancesAfterBackupRestoration (0ms)
Platform modules already initialized, skipping
Registering precompiled user dll's ...
Registered in 0.009726 seconds.
Begin MonoManager ReloadAssembly
Native extension for WindowsStandalone target not found
Native extension for Android target not found
Refreshing native plugins compatible for Editor in 0.81 ms, found 4 plugins.
Preloading 0 native plugins for Editor in 0.00 ms.
Package Manager log level set to [2]
Mono: successfully reloaded assembly
- Completed reload, in  1.189 seconds
Domain Reload Profiling:
	ReloadAssembly (1190ms)
		BeginReloadAssembly (231ms)
			ExecutionOrderSort (0ms)
			DisableScriptedObjects (6ms)
			BackupInstance (0ms)
			ReleaseScriptingObjects (0ms)
			CreateAndSetChildDomain (138ms)
		EndReloadAssembly (824ms)
			LoadAssemblies (90ms)
			RebuildTransferFunctionScriptingTraits (0ms)
			SetupTypeCache (211ms)
			ReleaseScriptCaches (1ms)
			RebuildScriptCaches (49ms)
			SetupLoadedEditorAssemblies (442ms)
				LogAssemblyErrors (0ms)
				InitializePlatformSupportModulesInManaged (13ms)
				SetLoadedEditorAssemblies (1ms)
				RefreshPlugins (1ms)
				BeforeProcessingInitializeOnLoad (57ms)
				ProcessInitializeOnLoadAttributes (254ms)
				ProcessInitializeOnLoadMethodAttributes (114ms)
				AfterProcessingInitializeOnLoad (2ms)
				EditorAssembliesLoaded (0ms)
			ExecutionOrderSort2 (0ms)
			AwakeInstancesAfterBackupRestoration (6ms)
Platform modules already initialized, skipping
========================================================================
Worker process is ready to serve import requests
Launched and connected shader compiler UnityShaderCompiler.exe after 0.06 seconds
Refreshing native plugins compatible for Editor in 1.29 ms, found 4 plugins.
Preloading 0 native plugins for Editor in 0.00 ms.
Unloading 2335 Unused Serialized files (Serialized files now loaded: 0)
Unloading 77 unused Assets / (61.1 KB). Loaded Objects now: 2796.
Memory consumption went from 87.4 MB to 87.3 MB.
Total: 6.427100 ms (FindLiveObjects: 0.196300 ms CreateObjectMapping: 0.079300 ms MarkObjects: 5.969100 ms  DeleteObjects: 0.181200 ms)

AssetImportParameters requested are different than current active one (requested -> active):
  custom:video-decoder-ogg-theora: a1e56fd34408186e4bbccfd4996cb3dc -> 
  custom:container-muxer-webm: aa71ff27fc2769a1b78a27578f13a17b -> 
  custom:container-demuxer-webm: 4f35f7cbe854078d1ac9338744f61a02 -> 
  custom:video-encoder-webm-vp8: eb34c28f22e8b96e1ab97ce403110664 -> 
  custom:audio-encoder-webm-vorbis: bf7c407c2cedff20999df2af8eb42d56 -> 
  custom:framework-win-MediaFoundation: 216162199b28c13a410421893ffa2e32 -> 
  custom:container-demuxer-ogg: 62fdf1f143b41e24485cea50d1cbac27 -> 
  custom:video-decoder-webm-vp8: 9c59270c3fd7afecdb556c50c9e8de78 -> 
  custom:audio-decoder-ogg-vorbis: bf7c407c2cedff20999df2af8eb42d56 -> 
========================================================================
Received Import Request.
  Time since last request: 853325.198188 seconds.
  path: Assets/Level 2/Animations/cobra.png
  artifactKey: Guid(d963e6c68c587804b87663b66c99db1e) Importer(815301076,1909f56bfc062723c751e8b465ee728b)
Start importing Assets/Level 2/Animations/cobra.png using Guid(d963e6c68c587804b87663b66c99db1e) Importer(815301076,1909f56bfc062723c751e8b465ee728b)  -> (artifact id: 'f0fda232020ae193e8d4de30124acb67') in 0.112466 seconds 
========================================================================
Received Import Request.
  Time since last request: 1.197142 seconds.
  path: Assets/fonts/Commodore Angled v1.2.ttf
  artifactKey: Guid(e88827d52315f584bb5316d2914ca3d9) Importer(815301076,1909f56bfc062723c751e8b465ee728b)
Start importing Assets/fonts/Commodore Angled v1.2.ttf using Guid(e88827d52315f584bb5316d2914ca3d9) Importer(815301076,1909f56bfc062723c751e8b465ee728b)  -> (artifact id: '05221123c5331d29f37f760911f11cc3') in 0.213403 seconds 
========================================================================
Received Import Request.
  Time since last request: 1.097258 seconds.
  path: Assets/Deserto/Animações Inimigos
  artifactKey: Guid(af539ce0f1893ba4bb22ef56d9c932fc) Importer(815301076,1909f56bfc062723c751e8b465ee728b)
Start importing Assets/Deserto/Animações Inimigos using Guid(af539ce0f1893ba4bb22ef56d9c932fc) Importer(815301076,1909f56bfc062723c751e8b465ee728b)  -> (artifact id: 'd9ca9ed977f8e391b0dd66018b6d1ccd') in 0.002223 seconds 
========================================================================
Received Import Request.
  Time since last request: 6.328148 seconds.
  path: Assets/Deserto/Animações Inimigos/cobra.png
  artifactKey: Guid(5662feb8f7187b445ae9ef9972bdce2b) Importer(815301076,1909f56bfc062723c751e8b465ee728b)
Start importing Assets/Deserto/Animações Inimigos/cobra.png using Guid(5662feb8f7187b445ae9ef9972bdce2b) Importer(815301076,1909f56bfc062723c751e8b465ee728b)  -> (artifact id: '3a5bf8b51b2531e195040f70548cd24e') in 0.012073 seconds 
========================================================================
Received Import Request.
  Time since last request: 4.325067 seconds.
  path: Assets/Deserto/Animações Cowboy/Cowbow Animation.png
  artifactKey: Guid(7dc76a8bd4f505c43a993c719149d1f8) Importer(815301076,1909f56bfc062723c751e8b465ee728b)
Start importing Assets/Deserto/Animações Cowboy/Cowbow Animation.png using Guid(7dc76a8bd4f505c43a993c719149d1f8) Importer(815301076,1909f56bfc062723c751e8b465ee728b)  -> (artifact id: 'd6f1a4dd866857ff9dabca108751fb39') in 0.061249 seconds 
========================================================================
Received Import Request.
  Time since last request: 91.597646 seconds.
  path: Assets/Level 2/Animations/Disco Voadpr Animation.png
  artifactKey: Guid(d2889e8e13bc46540b551db615b31f3a) Importer(815301076,1909f56bfc062723c751e8b465ee728b)
Start importing Assets/Level 2/Animations/Disco Voadpr Animation.png using Guid(d2889e8e13bc46540b551db615b31f3a) Importer(815301076,1909f56bfc062723c751e8b465ee728b)  -> (artifact id: 'a2749a04578dca215b842e6a25e3d325') in 0.015537 seconds 
========================================================================
Received Import Request.
  Time since last request: 22.063087 seconds.
  path: Assets/Level 2/Animations/Disco Voadpr Animation.png
  artifactKey: Guid(d2889e8e13bc46540b551db615b31f3a) Importer(815301076,1909f56bfc062723c751e8b465ee728b)
Start importing Assets/Level 2/Animations/Disco Voadpr Animation.png using Guid(d2889e8e13bc46540b551db615b31f3a) Importer(815301076,1909f56bfc062723c751e8b465ee728b)  -> (artifact id: '65d25e77a5f6100c683167e25f7cd062') in 0.006776 seconds 
========================================================================
Received Import Request.
  Time since last request: 7.364697 seconds.
  path: Assets/Level 2/Animations/Disco Voadpr Animation.png
  artifactKey: Guid(d2889e8e13bc46540b551db615b31f3a) Importer(815301076,1909f56bfc062723c751e8b465ee728b)
Start importing Assets/Level 2/Animations/Disco Voadpr Animation.png using Guid(d2889e8e13bc46540b551db615b31f3a) Importer(815301076,1909f56bfc062723c751e8b465ee728b)  -> (artifact id: '7d4a86a7d961d24199aa1305bc5dd141') in 0.020364 seconds 
========================================================================
Received Import Request.
  Time since last request: 28.371275 seconds.
  path: Assets/Level 2/Animations/Disco Voadpr Animation.png
  artifactKey: Guid(d2889e8e13bc46540b551db615b31f3a) Importer(815301076,1909f56bfc062723c751e8b465ee728b)
Start importing Assets/Level 2/Animations/Disco Voadpr Animation.png using Guid(d2889e8e13bc46540b551db615b31f3a) Importer(815301076,1909f56bfc062723c751e8b465ee728b)  -> (artifact id: 'adce234338ce67307f416acb029c1311') in 0.096648 seconds 
