Using pre-set license
Built from '2021.3/evg/staging/82bb020e-b03b1330/draft-0' branch; Version is '2021.3.16f1 (4016570cf34f) revision 4200023'; Using compiler version '192829333'; Build Type 'Release'
OS: 'Windows 11  (10.0.22621) 64bit CoreSingleLanguage' Language: 'pt' Physical Memory: 16147 MB
BatchMode: 1, IsHumanControllingUs: 0, StartBugReporterOnCrash: 0, Is64bit: 1, IsPro: 1

COMMAND LINE ARGUMENTS:
D:\2021.3.16f1\Editor\Unity.exe
-adb2
-batchMode
-noUpm
-name
AssetImportWorker3
-projectPath
D:/Projetos/Unity/MegamanRemix
-logFile
Logs/AssetImportWorker3.log
-srvPort
59504
Successfully changed project path to: D:/Projetos/Unity/MegamanRemix
D:/Projetos/Unity/MegamanRemix
[UnityMemory] Configuration Parameters - Can be set up in boot.config
    "memorysetup-bucket-allocator-granularity=16"
    "memorysetup-bucket-allocator-bucket-count=8"
    "memorysetup-bucket-allocator-block-size=33554432"
    "memorysetup-bucket-allocator-block-count=8"
    "memorysetup-main-allocator-block-size=16777216"
    "memorysetup-thread-allocator-block-size=16777216"
    "memorysetup-gfx-main-allocator-block-size=16777216"
    "memorysetup-gfx-thread-allocator-block-size=16777216"
    "memorysetup-cache-allocator-block-size=4194304"
    "memorysetup-typetree-allocator-block-size=2097152"
    "memorysetup-profiler-bucket-allocator-granularity=16"
    "memorysetup-profiler-bucket-allocator-bucket-count=8"
    "memorysetup-profiler-bucket-allocator-block-size=33554432"
    "memorysetup-profiler-bucket-allocator-block-count=8"
    "memorysetup-profiler-allocator-block-size=16777216"
    "memorysetup-profiler-editor-allocator-block-size=1048576"
    "memorysetup-temp-allocator-size-main=16777216"
    "memorysetup-job-temp-allocator-block-size=2097152"
    "memorysetup-job-temp-allocator-block-size-background=1048576"
    "memorysetup-job-temp-allocator-reduction-small-platforms=262144"
    "memorysetup-temp-allocator-size-background-worker=32768"
    "memorysetup-temp-allocator-size-job-worker=262144"
    "memorysetup-temp-allocator-size-preload-manager=33554432"
    "memorysetup-temp-allocator-size-nav-mesh-worker=65536"
    "memorysetup-temp-allocator-size-audio-worker=65536"
    "memorysetup-temp-allocator-size-cloud-worker=32768"
    "memorysetup-temp-allocator-size-gi-baking-worker=262144"
    "memorysetup-temp-allocator-size-gfx=262144"
Player connection [38960] Host "[IP] 192.168.0.162 [Port] 0 [Flags] 2 [Guid] 442726870 [EditorId] 442726870 [Version] 1048832 [Id] WindowsEditor(7,Badskyfox) [Debug] 1 [PackageName] WindowsEditor [ProjectName] Editor" joined multi-casting on [225.0.0.222:54997]...

Player connection [38960] Host "[IP] 192.168.0.162 [Port] 0 [Flags] 2 [Guid] 442726870 [EditorId] 442726870 [Version] 1048832 [Id] WindowsEditor(7,Badskyfox) [Debug] 1 [PackageName] WindowsEditor [ProjectName] Editor" joined alternative multi-casting on [225.0.0.222:34997]...

Refreshing native plugins compatible for Editor in 62.00 ms, found 4 plugins.
Preloading 0 native plugins for Editor in 0.00 ms.
Initialize engine version: 2021.3.16f1 (4016570cf34f)
[Subsystems] Discovering subsystems at path D:/2021.3.16f1/Editor/Data/Resources/UnitySubsystems
[Subsystems] Discovering subsystems at path D:/Projetos/Unity/MegamanRemix/Assets
GfxDevice: creating device client; threaded=0; jobified=0
Direct3D:
    Version:  Direct3D 11.0 [level 11.1]
    Renderer: NVIDIA GeForce GTX 1650 (ID=0x1f9d)
    Vendor:   NVIDIA
    VRAM:     3950 MB
    Driver:   31.0.15.3713
Initialize mono
Mono path[0] = 'D:/2021.3.16f1/Editor/Data/Managed'
Mono path[1] = 'D:/2021.3.16f1/Editor/Data/MonoBleedingEdge/lib/mono/unityjit-win32'
Mono config path = 'D:/2021.3.16f1/Editor/Data/MonoBleedingEdge/etc'
Using monoOptions --debugger-agent=transport=dt_socket,embedding=1,server=y,suspend=n,address=127.0.0.1:56848
Begin MonoManager ReloadAssembly
Registering precompiled unity dll's ...
Register platform support module: D:/2021.3.16f1/Editor/Data/PlaybackEngines/AndroidPlayer/UnityEditor.Android.Extensions.dll
Register platform support module: D:/2021.3.16f1/Editor/Data/PlaybackEngines/WindowsStandaloneSupport/UnityEditor.WindowsStandalone.Extensions.dll
Registered in 0.001674 seconds.
Native extension for WindowsStandalone target not found
Native extension for Android target not found
Refreshing native plugins compatible for Editor in 40.94 ms, found 4 plugins.
Preloading 0 native plugins for Editor in 0.00 ms.
Mono: successfully reloaded assembly
- Completed reload, in  0.554 seconds
Domain Reload Profiling:
	ReloadAssembly (554ms)
		BeginReloadAssembly (62ms)
			ExecutionOrderSort (0ms)
			DisableScriptedObjects (0ms)
			BackupInstance (0ms)
			ReleaseScriptingObjects (0ms)
			CreateAndSetChildDomain (1ms)
		EndReloadAssembly (401ms)
			LoadAssemblies (61ms)
			RebuildTransferFunctionScriptingTraits (0ms)
			SetupTypeCache (97ms)
			ReleaseScriptCaches (0ms)
			RebuildScriptCaches (24ms)
			SetupLoadedEditorAssemblies (234ms)
				LogAssemblyErrors (0ms)
				InitializePlatformSupportModulesInManaged (47ms)
				SetLoadedEditorAssemblies (0ms)
				RefreshPlugins (41ms)
				BeforeProcessingInitializeOnLoad (1ms)
				ProcessInitializeOnLoadAttributes (102ms)
				ProcessInitializeOnLoadMethodAttributes (43ms)
				AfterProcessingInitializeOnLoad (0ms)
				EditorAssembliesLoaded (0ms)
			ExecutionOrderSort2 (0ms)
			AwakeInstancesAfterBackupRestoration (0ms)
Platform modules already initialized, skipping
Registering precompiled user dll's ...
Registered in 0.006862 seconds.
Begin MonoManager ReloadAssembly
Native extension for WindowsStandalone target not found
Native extension for Android target not found
Refreshing native plugins compatible for Editor in 0.78 ms, found 4 plugins.
Preloading 0 native plugins for Editor in 0.00 ms.
Package Manager log level set to [2]
Mono: successfully reloaded assembly
- Completed reload, in  1.099 seconds
Domain Reload Profiling:
	ReloadAssembly (1100ms)
		BeginReloadAssembly (207ms)
			ExecutionOrderSort (0ms)
			DisableScriptedObjects (5ms)
			BackupInstance (0ms)
			ReleaseScriptingObjects (0ms)
			CreateAndSetChildDomain (117ms)
		EndReloadAssembly (793ms)
			LoadAssemblies (84ms)
			RebuildTransferFunctionScriptingTraits (0ms)
			SetupTypeCache (192ms)
			ReleaseScriptCaches (1ms)
			RebuildScriptCaches (61ms)
			SetupLoadedEditorAssemblies (408ms)
				LogAssemblyErrors (0ms)
				InitializePlatformSupportModulesInManaged (11ms)
				SetLoadedEditorAssemblies (0ms)
				RefreshPlugins (1ms)
				BeforeProcessingInitializeOnLoad (54ms)
				ProcessInitializeOnLoadAttributes (215ms)
				ProcessInitializeOnLoadMethodAttributes (125ms)
				AfterProcessingInitializeOnLoad (2ms)
				EditorAssembliesLoaded (0ms)
			ExecutionOrderSort2 (0ms)
			AwakeInstancesAfterBackupRestoration (5ms)
Platform modules already initialized, skipping
========================================================================
Worker process is ready to serve import requests
Launched and connected shader compiler UnityShaderCompiler.exe after 0.05 seconds
Refreshing native plugins compatible for Editor in 0.72 ms, found 4 plugins.
Preloading 0 native plugins for Editor in 0.00 ms.
Unloading 2343 Unused Serialized files (Serialized files now loaded: 0)
Unloading 77 unused Assets / (61.1 KB). Loaded Objects now: 2804.
Memory consumption went from 87.6 MB to 87.5 MB.
Total: 5.586200 ms (FindLiveObjects: 0.271400 ms CreateObjectMapping: 0.079700 ms MarkObjects: 5.123200 ms  DeleteObjects: 0.110200 ms)

AssetImportParameters requested are different than current active one (requested -> active):
  custom:video-decoder-ogg-theora: a1e56fd34408186e4bbccfd4996cb3dc -> 
  custom:container-muxer-webm: aa71ff27fc2769a1b78a27578f13a17b -> 
  custom:container-demuxer-webm: 4f35f7cbe854078d1ac9338744f61a02 -> 
  custom:video-encoder-webm-vp8: eb34c28f22e8b96e1ab97ce403110664 -> 
  custom:audio-encoder-webm-vorbis: bf7c407c2cedff20999df2af8eb42d56 -> 
  custom:framework-win-MediaFoundation: 216162199b28c13a410421893ffa2e32 -> 
  custom:SearchIndexIgnoredProperties: e643bd26f0fe6173181afceb89e7c659 -> 
  custom:container-demuxer-ogg: 62fdf1f143b41e24485cea50d1cbac27 -> 
  custom:video-decoder-webm-vp8: 9c59270c3fd7afecdb556c50c9e8de78 -> 
  custom:audio-decoder-ogg-vorbis: bf7c407c2cedff20999df2af8eb42d56 -> 
========================================================================
Received Import Request.
  Time since last request: 1455644.492121 seconds.
  path: Assets/Deserto/DesertFront.png
  artifactKey: Guid(d678535a324f641439203e46a3a21bca) Importer(2089858483,0ecaa5967403d082aa24f35e1b516d23)
Start importing Assets/Deserto/DesertFront.png using Guid(d678535a324f641439203e46a3a21bca) Importer(2089858483,0ecaa5967403d082aa24f35e1b516d23) Generated GUIDs only implemented for interfaces!
 -> (artifact id: '1debde30b7652225efc24453f86caf50') in 0.503369 seconds 
========================================================================
Received Import Request.
  Time since last request: 0.000025 seconds.
  path: Assets/Deserto/AnimMega/Raio_0.controller
  artifactKey: Guid(c9c7191fae92fa94abbd267cebab7a6c) Importer(2089858483,0ecaa5967403d082aa24f35e1b516d23)
Start importing Assets/Deserto/AnimMega/Raio_0.controller using Guid(c9c7191fae92fa94abbd267cebab7a6c) Importer(2089858483,0ecaa5967403d082aa24f35e1b516d23) Generated GUIDs only implemented for interfaces!
 -> (artifact id: 'f4979faf8fce4d1171ca994ed3d8af23') in 0.029417 seconds 
========================================================================
Received Import Request.
  Time since last request: 0.000035 seconds.
  path: Assets/Prefabs/mega_man_x1_vehicles_in_32_bits_by_irregularsaturn-dai9a38_12.prefab
  artifactKey: Guid(8b5566a63b6a03f40ab4fa94ca1bcaef) Importer(2089858483,0ecaa5967403d082aa24f35e1b516d23)
Start importing Assets/Prefabs/mega_man_x1_vehicles_in_32_bits_by_irregularsaturn-dai9a38_12.prefab using Guid(8b5566a63b6a03f40ab4fa94ca1bcaef) Importer(2089858483,0ecaa5967403d082aa24f35e1b516d23) Generated GUIDs only implemented for interfaces!
 -> (artifact id: '16f6d23f7dd20ece732f78b96e0bc18e') in 0.101738 seconds 
========================================================================
Received Import Request.
  Time since last request: 0.000027 seconds.
  path: Assets/Deserto/Animações Inimigos/Nave.png
  artifactKey: Guid(c6808f23d95272843b8d498f40bbd287) Importer(2089858483,0ecaa5967403d082aa24f35e1b516d23)
Start importing Assets/Deserto/Animações Inimigos/Nave.png using Guid(c6808f23d95272843b8d498f40bbd287) Importer(2089858483,0ecaa5967403d082aa24f35e1b516d23) Generated GUIDs only implemented for interfaces!
 -> (artifact id: '1ed35a81a6a710b7dc4eca229a414179') in 0.251550 seconds 
========================================================================
Received Import Request.
  Time since last request: 0.000024 seconds.
  path: Assets/Deserto/scripts/Mira.cs
  artifactKey: Guid(41ff0b203763592429afe0f84f817393) Importer(2089858483,0ecaa5967403d082aa24f35e1b516d23)
Start importing Assets/Deserto/scripts/Mira.cs using Guid(41ff0b203763592429afe0f84f817393) Importer(2089858483,0ecaa5967403d082aa24f35e1b516d23) Generated GUIDs only implemented for interfaces!
 -> (artifact id: 'f865bba36290a1095df481af525e072a') in 0.038992 seconds 
========================================================================
Received Import Request.
  Time since last request: 0.000030 seconds.
  path: Assets/Deserto/scripts/camera.cs
  artifactKey: Guid(5fdf638524c5de6469f0287bf896fdf9) Importer(2089858483,0ecaa5967403d082aa24f35e1b516d23)
Start importing Assets/Deserto/scripts/camera.cs using Guid(5fdf638524c5de6469f0287bf896fdf9) Importer(2089858483,0ecaa5967403d082aa24f35e1b516d23) Generated GUIDs only implemented for interfaces!
 -> (artifact id: 'c3a68e8536eb4199bfa792a2e00a6ade') in 0.008854 seconds 
========================================================================
Received Import Request.
  Time since last request: 0.000019 seconds.
  path: Assets/Deserto/Cactus.png
  artifactKey: Guid(32dbdbde539893742a26751239969f07) Importer(2089858483,0ecaa5967403d082aa24f35e1b516d23)
Start importing Assets/Deserto/Cactus.png using Guid(32dbdbde539893742a26751239969f07) Importer(2089858483,0ecaa5967403d082aa24f35e1b516d23) Generated GUIDs only implemented for interfaces!
 -> (artifact id: 'd000a01411deb1fa55f9b72b7a2303a8') in 0.017603 seconds 
========================================================================
Received Import Request.
  Time since last request: 0.000024 seconds.
  path: Assets/Deserto/Casa.png
  artifactKey: Guid(b59b201e61510cf43921054abf162e7a) Importer(2089858483,0ecaa5967403d082aa24f35e1b516d23)
Start importing Assets/Deserto/Casa.png using Guid(b59b201e61510cf43921054abf162e7a) Importer(2089858483,0ecaa5967403d082aa24f35e1b516d23) Generated GUIDs only implemented for interfaces!
 -> (artifact id: '586ea0d62072c6b462f9055f951c8548') in 0.112741 seconds 
========================================================================
Received Import Request.
  Time since last request: 0.000034 seconds.
  path: Assets/Scripts/MyCamera.cs
  artifactKey: Guid(cbe35e6681fab414f937b71bb37c29d2) Importer(2089858483,0ecaa5967403d082aa24f35e1b516d23)
Start importing Assets/Scripts/MyCamera.cs using Guid(cbe35e6681fab414f937b71bb37c29d2) Importer(2089858483,0ecaa5967403d082aa24f35e1b516d23) Generated GUIDs only implemented for interfaces!
 -> (artifact id: 'cd9b374d66bbf48f396066101e73a5b8') in 0.010427 seconds 
========================================================================
Received Import Request.
  Time since last request: 0.000044 seconds.
  path: Assets/Deserto/Animações Cowboy/Jump.anim
  artifactKey: Guid(4720e70d52b61974d8ad691e796d157e) Importer(2089858483,0ecaa5967403d082aa24f35e1b516d23)
Start importing Assets/Deserto/Animações Cowboy/Jump.anim using Guid(4720e70d52b61974d8ad691e796d157e) Importer(2089858483,0ecaa5967403d082aa24f35e1b516d23) Generated GUIDs only implemented for interfaces!
 -> (artifact id: 'eacff47fc833e387183406517b5116d0') in 0.017542 seconds 
========================================================================
Received Import Request.
  Time since last request: 0.000037 seconds.
  path: Assets/Deserto/scripts/Nave.cs
  artifactKey: Guid(eadb456ee8e7510438c08a3714e8f8b0) Importer(2089858483,0ecaa5967403d082aa24f35e1b516d23)
Start importing Assets/Deserto/scripts/Nave.cs using Guid(eadb456ee8e7510438c08a3714e8f8b0) Importer(2089858483,0ecaa5967403d082aa24f35e1b516d23) Generated GUIDs only implemented for interfaces!
 -> (artifact id: '614f706f731ddd3b28029d66febf54a7') in 0.006202 seconds 
========================================================================
Received Import Request.
  Time since last request: 0.000043 seconds.
  path: Assets/Deserto/Materials/el_tiro_certeiro.mat
  artifactKey: Guid(2f38668d4b090df4a9b46399e0373cb8) Importer(2089858483,0ecaa5967403d082aa24f35e1b516d23)
Start importing Assets/Deserto/Materials/el_tiro_certeiro.mat using Guid(2f38668d4b090df4a9b46399e0373cb8) Importer(2089858483,0ecaa5967403d082aa24f35e1b516d23) Generated GUIDs only implemented for interfaces!
 -> (artifact id: '14598ac437b7beb7571963d5e0e571b2') in 0.078979 seconds 
========================================================================
Received Import Request.
  Time since last request: 0.000032 seconds.
  path: Assets/Level 2/Animations/Placa de sinalização trem - Copy.png
  artifactKey: Guid(c67ac68d6e9500742b17fc83f209138d) Importer(2089858483,0ecaa5967403d082aa24f35e1b516d23)
Start importing Assets/Level 2/Animations/Placa de sinalização trem - Copy.png using Guid(c67ac68d6e9500742b17fc83f209138d) Importer(2089858483,0ecaa5967403d082aa24f35e1b516d23) Generated GUIDs only implemented for interfaces!
 -> (artifact id: 'e9bc88a20b12603d827e238d63dafe3a') in 0.033393 seconds 
========================================================================
Received Import Request.
  Time since last request: 0.000041 seconds.
  path: Assets/Level 2/Animations/Cobra2.anim
  artifactKey: Guid(40edd4b1e91782248b33383cc440b477) Importer(2089858483,0ecaa5967403d082aa24f35e1b516d23)
Start importing Assets/Level 2/Animations/Cobra2.anim using Guid(40edd4b1e91782248b33383cc440b477) Importer(2089858483,0ecaa5967403d082aa24f35e1b516d23) Generated GUIDs only implemented for interfaces!
 -> (artifact id: '629d740ca519bd35b119030e8147148b') in 0.048362 seconds 
========================================================================
Received Import Request.
  Time since last request: 0.000025 seconds.
  path: Assets/Level 2/Animations/CobraNova.anim
  artifactKey: Guid(c08fc956b222b6e418e9c04135e584a7) Importer(2089858483,0ecaa5967403d082aa24f35e1b516d23)
Start importing Assets/Level 2/Animations/CobraNova.anim using Guid(c08fc956b222b6e418e9c04135e584a7) Importer(2089858483,0ecaa5967403d082aa24f35e1b516d23) Generated GUIDs only implemented for interfaces!
 -> (artifact id: 'e805c220192892ada5bb1b516ee591ac') in 0.010157 seconds 
========================================================================
Received Import Request.
  Time since last request: 0.000031 seconds.
  path: Assets/Level 2/Prefabs/Colisao.prefab
  artifactKey: Guid(af42f1ce887b92f47b06c04f2759a6af) Importer(2089858483,0ecaa5967403d082aa24f35e1b516d23)
Start importing Assets/Level 2/Prefabs/Colisao.prefab using Guid(af42f1ce887b92f47b06c04f2759a6af) Importer(2089858483,0ecaa5967403d082aa24f35e1b516d23) Generated GUIDs only implemented for interfaces!
 -> (artifact id: '16f7ae96830840e23424cdb205049127') in 0.011388 seconds 
========================================================================
Received Import Request.
  Time since last request: 0.000077 seconds.
  path: Assets/Level 2/Animations/Cowbow Animation.png
  artifactKey: Guid(61b046edd3fc1ba49a6473637ac7c495) Importer(2089858483,0ecaa5967403d082aa24f35e1b516d23)
Start importing Assets/Level 2/Animations/Cowbow Animation.png using Guid(61b046edd3fc1ba49a6473637ac7c495) Importer(2089858483,0ecaa5967403d082aa24f35e1b516d23) Generated GUIDs only implemented for interfaces!
 -> (artifact id: '5d60d5a378f0f3f1a50d3cb98078d912') in 0.283842 seconds 
========================================================================
Received Import Request.
  Time since last request: 0.000072 seconds.
  path: Assets/fonts/Commodore Rounded v1.2.ttf
  artifactKey: Guid(59b2fd5458d56e04da975fc175a25b70) Importer(2089858483,0ecaa5967403d082aa24f35e1b516d23)
Start importing Assets/fonts/Commodore Rounded v1.2.ttf using Guid(59b2fd5458d56e04da975fc175a25b70) Importer(2089858483,0ecaa5967403d082aa24f35e1b516d23) Generated GUIDs only implemented for interfaces!
 -> (artifact id: 'e8ca1eee5e581277c3b518a4958b80e8') in 0.104070 seconds 
========================================================================
Received Import Request.
  Time since last request: 0.000037 seconds.
  path: Assets/Level 2/Sprites/Broken House.png
  artifactKey: Guid(263f8cbbecddabb41890640502d8592a) Importer(2089858483,0ecaa5967403d082aa24f35e1b516d23)
Start importing Assets/Level 2/Sprites/Broken House.png using Guid(263f8cbbecddabb41890640502d8592a) Importer(2089858483,0ecaa5967403d082aa24f35e1b516d23) Generated GUIDs only implemented for interfaces!
 -> (artifact id: '24269968edef46de17db8029dbb29183') in 0.015468 seconds 
========================================================================
Received Import Request.
  Time since last request: 0.000035 seconds.
  path: Assets/Level 2/Sprites/Encantado.png
  artifactKey: Guid(4002440ffadf77449ab38996dd252ab3) Importer(2089858483,0ecaa5967403d082aa24f35e1b516d23)
Start importing Assets/Level 2/Sprites/Encantado.png using Guid(4002440ffadf77449ab38996dd252ab3) Importer(2089858483,0ecaa5967403d082aa24f35e1b516d23) Generated GUIDs only implemented for interfaces!
 -> (artifact id: '32a4a54f1fdeb4c3e4037e4c931a5dcb') in 0.050454 seconds 
========================================================================
Received Import Request.
  Time since last request: 0.000032 seconds.
  path: Assets/Level 2/Sprites/Areia.png
  artifactKey: Guid(9b476cbacf08c284982e99d964e5e9dd) Importer(2089858483,0ecaa5967403d082aa24f35e1b516d23)
Start importing Assets/Level 2/Sprites/Areia.png using Guid(9b476cbacf08c284982e99d964e5e9dd) Importer(2089858483,0ecaa5967403d082aa24f35e1b516d23) Generated GUIDs only implemented for interfaces!
 -> (artifact id: '0eeb087ba0b721f48e2c658115c04294') in 0.019129 seconds 
========================================================================
Received Import Request.
  Time since last request: 0.000023 seconds.
  path: Assets/Level 2/Sprites/Pedras.png
  artifactKey: Guid(fdf576320af1ba94d8104ffe85e139d7) Importer(2089858483,0ecaa5967403d082aa24f35e1b516d23)
Start importing Assets/Level 2/Sprites/Pedras.png using Guid(fdf576320af1ba94d8104ffe85e139d7) Importer(2089858483,0ecaa5967403d082aa24f35e1b516d23) Generated GUIDs only implemented for interfaces!
 -> (artifact id: 'c68ff0c978f5c97429ea4605953694f9') in 0.024810 seconds 
========================================================================
Received Import Request.
  Time since last request: 0.000032 seconds.
  path: Assets/Level 2/Sprites/Estrela.png
  artifactKey: Guid(3be7387e657a5b74084a1b28bef9338f) Importer(2089858483,0ecaa5967403d082aa24f35e1b516d23)
Start importing Assets/Level 2/Sprites/Estrela.png using Guid(3be7387e657a5b74084a1b28bef9338f) Importer(2089858483,0ecaa5967403d082aa24f35e1b516d23) Generated GUIDs only implemented for interfaces!
 -> (artifact id: 'ed5cf8049e5854815b0f7d7fcb858d94') in 0.099044 seconds 
========================================================================
Received Import Request.
  Time since last request: 0.000067 seconds.
  path: Assets/Level 2/Sprites/Mini TNT.png
  artifactKey: Guid(7fb07aa0610b6a04ba88569b4c81c5ca) Importer(2089858483,0ecaa5967403d082aa24f35e1b516d23)
Start importing Assets/Level 2/Sprites/Mini TNT.png using Guid(7fb07aa0610b6a04ba88569b4c81c5ca) Importer(2089858483,0ecaa5967403d082aa24f35e1b516d23) Generated GUIDs only implemented for interfaces!
 -> (artifact id: 'c816c559c003b1dd266a966199ab9836') in 0.016211 seconds 
========================================================================
Received Import Request.
  Time since last request: 0.000093 seconds.
  path: Assets/Deserto/Animações Inimigos/CactusIdle.anim
  artifactKey: Guid(1fcbdd67b1ceec64da012ba74865e31a) Importer(2089858483,0ecaa5967403d082aa24f35e1b516d23)
Start importing Assets/Deserto/Animações Inimigos/CactusIdle.anim using Guid(1fcbdd67b1ceec64da012ba74865e31a) Importer(2089858483,0ecaa5967403d082aa24f35e1b516d23) Generated GUIDs only implemented for interfaces!
 -> (artifact id: 'd63ce777a04369e27b8e5665982952c3') in 0.008096 seconds 
========================================================================
Received Import Request.
  Time since last request: 0.000029 seconds.
  path: Assets/Scenes/codigos.unity
  artifactKey: Guid(0f038538de9a258458b0106c85a41bd4) Importer(2089858483,0ecaa5967403d082aa24f35e1b516d23)
Start importing Assets/Scenes/codigos.unity using Guid(0f038538de9a258458b0106c85a41bd4) Importer(2089858483,0ecaa5967403d082aa24f35e1b516d23) Generated GUIDs only implemented for interfaces!
 -> (artifact id: '0115849b73d4e89e07ab5ccefb4e0e4e') in 0.004777 seconds 
========================================================================
Received Import Request.
  Time since last request: 0.000029 seconds.
  path: Assets/Deserto/AnimMega/Raio.png
  artifactKey: Guid(6e2789690190a52479bebe022e9465b9) Importer(2089858483,0ecaa5967403d082aa24f35e1b516d23)
Start importing Assets/Deserto/AnimMega/Raio.png using Guid(6e2789690190a52479bebe022e9465b9) Importer(2089858483,0ecaa5967403d082aa24f35e1b516d23) Generated GUIDs only implemented for interfaces!
 -> (artifact id: 'a81056c1a06d370f60115b72f3ccd5a0') in 0.281299 seconds 
========================================================================
Received Import Request.
  Time since last request: 0.000139 seconds.
  path: Assets/Deserto/scripts/plataforma_cima.cs
  artifactKey: Guid(f6d2c2e82733bdf47a6340c3814cacbf) Importer(2089858483,0ecaa5967403d082aa24f35e1b516d23)
Start importing Assets/Deserto/scripts/plataforma_cima.cs using Guid(f6d2c2e82733bdf47a6340c3814cacbf) Importer(2089858483,0ecaa5967403d082aa24f35e1b516d23) Generated GUIDs only implemented for interfaces!
 -> (artifact id: '01af8fc3f86f0baddf9e705a6067cee6') in 0.005324 seconds 
========================================================================
Received Import Request.
  Time since last request: 0.000032 seconds.
  path: Assets/Deserto/AnimMega/JumpUp.anim
  artifactKey: Guid(e641160b3f304884a87134ecba731b7d) Importer(2089858483,0ecaa5967403d082aa24f35e1b516d23)
Start importing Assets/Deserto/AnimMega/JumpUp.anim using Guid(e641160b3f304884a87134ecba731b7d) Importer(2089858483,0ecaa5967403d082aa24f35e1b516d23) Generated GUIDs only implemented for interfaces!
 -> (artifact id: 'e1f6b4c3273871c02aacd0f105a104a7') in 0.084915 seconds 
========================================================================
Received Import Request.
  Time since last request: 0.000034 seconds.
  path: Assets/Level 2/Tilemaps/Areia 1_0.asset
  artifactKey: Guid(4c28f01035d14bd4c9d75125897487ca) Importer(2089858483,0ecaa5967403d082aa24f35e1b516d23)
Start importing Assets/Level 2/Tilemaps/Areia 1_0.asset using Guid(4c28f01035d14bd4c9d75125897487ca) Importer(2089858483,0ecaa5967403d082aa24f35e1b516d23) Generated GUIDs only implemented for interfaces!
 -> (artifact id: 'efd802285e20ecabeddc7540e70158f0') in 0.021824 seconds 
========================================================================
Received Import Request.
  Time since last request: 0.000033 seconds.
  path: Assets/Level 2/Tilemaps/tilesets pedras.asset
  artifactKey: Guid(3b946c8efa158974185cb773442330ae) Importer(2089858483,0ecaa5967403d082aa24f35e1b516d23)
Start importing Assets/Level 2/Tilemaps/tilesets pedras.asset using Guid(3b946c8efa158974185cb773442330ae) Importer(2089858483,0ecaa5967403d082aa24f35e1b516d23) Generated GUIDs only implemented for interfaces!
 -> (artifact id: 'f5f1e83306b2a4cf62df5c181487e1f9') in 0.015851 seconds 
========================================================================
Received Import Request.
  Time since last request: 0.000052 seconds.
  path: Assets/Level 2/Sprites/Plataforma 1.prefab
  artifactKey: Guid(f5dc787b33cf05e46b7033b209576d4e) Importer(2089858483,0ecaa5967403d082aa24f35e1b516d23)
Start importing Assets/Level 2/Sprites/Plataforma 1.prefab using Guid(f5dc787b33cf05e46b7033b209576d4e) Importer(2089858483,0ecaa5967403d082aa24f35e1b516d23) Generated GUIDs only implemented for interfaces!
 -> (artifact id: 'be5b078288b204cd9c871a89b1b5ed19') in 0.043455 seconds 
========================================================================
Received Import Request.
  Time since last request: 0.000039 seconds.
  path: Assets/Level 2/Tilemaps/Primeira pedra.asset
  artifactKey: Guid(e2046c193d407714baabd480734a3f83) Importer(2089858483,0ecaa5967403d082aa24f35e1b516d23)
Start importing Assets/Level 2/Tilemaps/Primeira pedra.asset using Guid(e2046c193d407714baabd480734a3f83) Importer(2089858483,0ecaa5967403d082aa24f35e1b516d23) Generated GUIDs only implemented for interfaces!
 -> (artifact id: '7416e9ebbafe613a436dc1c8c4d67cff') in 0.008760 seconds 
========================================================================
Received Import Request.
  Time since last request: 0.000027 seconds.
  path: Assets/Level 2/Tilemaps/Pedras_0.asset
  artifactKey: Guid(f9eb727132411be478e81a8129937a90) Importer(2089858483,0ecaa5967403d082aa24f35e1b516d23)
Start importing Assets/Level 2/Tilemaps/Pedras_0.asset using Guid(f9eb727132411be478e81a8129937a90) Importer(2089858483,0ecaa5967403d082aa24f35e1b516d23) Generated GUIDs only implemented for interfaces!
 -> (artifact id: 'c85bfa28b4e49740b180568e6b6c3e5e') in 0.008684 seconds 
========================================================================
Received Import Request.
  Time since last request: 0.000064 seconds.
  path: Assets/Level 2/Tilemaps/Pedras_2.asset
  artifactKey: Guid(7954dd8bd9205b0459ca1327929d837a) Importer(2089858483,0ecaa5967403d082aa24f35e1b516d23)
Start importing Assets/Level 2/Tilemaps/Pedras_2.asset using Guid(7954dd8bd9205b0459ca1327929d837a) Importer(2089858483,0ecaa5967403d082aa24f35e1b516d23) Generated GUIDs only implemented for interfaces!
 -> (artifact id: '08cd02c90266738db4dd0d600faf7fe6') in 0.007370 seconds 
========================================================================
Received Import Request.
  Time since last request: 0.000021 seconds.
  path: Assets/Level 2/Tilemaps/Poster.prefab
  artifactKey: Guid(bc80ad53d79e9d54ba81c1d513502f59) Importer(2089858483,0ecaa5967403d082aa24f35e1b516d23)
Start importing Assets/Level 2/Tilemaps/Poster.prefab using Guid(bc80ad53d79e9d54ba81c1d513502f59) Importer(2089858483,0ecaa5967403d082aa24f35e1b516d23) Generated GUIDs only implemented for interfaces!
 -> (artifact id: '36235fa1a80faca1ca111b4de87fe59a') in 0.013255 seconds 
========================================================================
Received Import Request.
  Time since last request: 0.000024 seconds.
  path: Assets/Level 3/Animações/RaioLAser - Copy.png
  artifactKey: Guid(6dad9286bf2d92c4e8cd8376848d4388) Importer(2089858483,0ecaa5967403d082aa24f35e1b516d23)
Start importing Assets/Level 3/Animações/RaioLAser - Copy.png using Guid(6dad9286bf2d92c4e8cd8376848d4388) Importer(2089858483,0ecaa5967403d082aa24f35e1b516d23) Generated GUIDs only implemented for interfaces!
 -> (artifact id: '83bec70f9574caa127bfb17e57e9bef5') in 0.030209 seconds 
========================================================================
Received Import Request.
  Time since last request: 0.000023 seconds.
  path: Assets/Deserto/bulletLoaded.png
  artifactKey: Guid(49be7f7d72ca04b4cb1776d80b869101) Importer(2089858483,0ecaa5967403d082aa24f35e1b516d23)
Start importing Assets/Deserto/bulletLoaded.png using Guid(49be7f7d72ca04b4cb1776d80b869101) Importer(2089858483,0ecaa5967403d082aa24f35e1b516d23) Generated GUIDs only implemented for interfaces!
 -> (artifact id: '7e3b7f5725d7229a1847d261083f5d94') in 0.020702 seconds 
========================================================================
Received Import Request.
  Time since last request: 0.000025 seconds.
  path: Assets/Deserto/AnimMega/Cacto Animado_0.controller
  artifactKey: Guid(29702c0a73fb39d439d42dbd30bb661f) Importer(2089858483,0ecaa5967403d082aa24f35e1b516d23)
Start importing Assets/Deserto/AnimMega/Cacto Animado_0.controller using Guid(29702c0a73fb39d439d42dbd30bb661f) Importer(2089858483,0ecaa5967403d082aa24f35e1b516d23) Generated GUIDs only implemented for interfaces!
 -> (artifact id: '80fe7bc42812db89e6286bb3320f0791') in 0.045909 seconds 
========================================================================
Received Import Request.
  Time since last request: 0.000029 seconds.
  path: Assets/Level 2/Animations/Stars.anim
  artifactKey: Guid(42f2bb8ec49e4db41bce3a5ea8e5d4f8) Importer(2089858483,0ecaa5967403d082aa24f35e1b516d23)
Start importing Assets/Level 2/Animations/Stars.anim using Guid(42f2bb8ec49e4db41bce3a5ea8e5d4f8) Importer(2089858483,0ecaa5967403d082aa24f35e1b516d23) Generated GUIDs only implemented for interfaces!
 -> (artifact id: '026b12eb6d9628a8befe95a7dde6b865') in 0.006285 seconds 
========================================================================
Received Import Request.
  Time since last request: 0.000039 seconds.
  path: Assets/Deserto/scripts/Patrulhamento.cs
  artifactKey: Guid(7d39b37765637a74bba42473f1fa044e) Importer(2089858483,0ecaa5967403d082aa24f35e1b516d23)
Start importing Assets/Deserto/scripts/Patrulhamento.cs using Guid(7d39b37765637a74bba42473f1fa044e) Importer(2089858483,0ecaa5967403d082aa24f35e1b516d23) Generated GUIDs only implemented for interfaces!
 -> (artifact id: 'fef5ef83e9cf431e635ef39078a4b544') in 0.005819 seconds 
========================================================================
Received Import Request.
  Time since last request: 0.000036 seconds.
  path: Assets/Deserto/scripts/cacto.cs
  artifactKey: Guid(0e7ec4c52f3d07147a92c5669ada64c9) Importer(2089858483,0ecaa5967403d082aa24f35e1b516d23)
Start importing Assets/Deserto/scripts/cacto.cs using Guid(0e7ec4c52f3d07147a92c5669ada64c9) Importer(2089858483,0ecaa5967403d082aa24f35e1b516d23) Generated GUIDs only implemented for interfaces!
 -> (artifact id: '6428343f00dfee4aee0a496af7f3b30e') in 0.004750 seconds 
========================================================================
Received Import Request.
  Time since last request: 0.000038 seconds.
  path: Assets/Level 2/Sprites/Nuvem.png
  artifactKey: Guid(9940dd37d9e64d54890ca111aa626e34) Importer(2089858483,0ecaa5967403d082aa24f35e1b516d23)
Start importing Assets/Level 2/Sprites/Nuvem.png using Guid(9940dd37d9e64d54890ca111aa626e34) Importer(2089858483,0ecaa5967403d082aa24f35e1b516d23) Generated GUIDs only implemented for interfaces!
 -> (artifact id: '46f5ea786a95acb76b174dd0ff7a4a31') in 0.011813 seconds 
========================================================================
Received Import Request.
  Time since last request: 0.000026 seconds.
  path: Assets/Scripts/MenuGame.cs
  artifactKey: Guid(8f5a169a4b61ab343846adac2b554ca5) Importer(2089858483,0ecaa5967403d082aa24f35e1b516d23)
Start importing Assets/Scripts/MenuGame.cs using Guid(8f5a169a4b61ab343846adac2b554ca5) Importer(2089858483,0ecaa5967403d082aa24f35e1b516d23) Generated GUIDs only implemented for interfaces!
 -> (artifact id: '94b3ad21b6cc13c200700eaf45823b91') in 0.004833 seconds 
========================================================================
Received Import Request.
  Time since last request: 0.000019 seconds.
  path: Assets/Deserto/Cartaz.png
  artifactKey: Guid(8652cd973dfd4e348b289880ffae421f) Importer(2089858483,0ecaa5967403d082aa24f35e1b516d23)
Start importing Assets/Deserto/Cartaz.png using Guid(8652cd973dfd4e348b289880ffae421f) Importer(2089858483,0ecaa5967403d082aa24f35e1b516d23) Generated GUIDs only implemented for interfaces!
 -> (artifact id: '9be2a1aaa56a3c1b47c3b50063498582') in 0.223496 seconds 
========================================================================
Received Import Request.
  Time since last request: 0.000046 seconds.
  path: Assets/Level 3/Tilemaps/BaseDentro_1.asset
  artifactKey: Guid(6801ca94c40bb38438d0374abc682bc9) Importer(2089858483,0ecaa5967403d082aa24f35e1b516d23)
Start importing Assets/Level 3/Tilemaps/BaseDentro_1.asset using Guid(6801ca94c40bb38438d0374abc682bc9) Importer(2089858483,0ecaa5967403d082aa24f35e1b516d23) Generated GUIDs only implemented for interfaces!
 -> (artifact id: '60dced36433cd4f6ea280b1bb4f5dc57') in 0.007890 seconds 
========================================================================
Received Import Request.
  Time since last request: 0.000054 seconds.
  path: Assets/Pack 01 (Pixel Art)/PNG/Bloody bed.png
  artifactKey: Guid(7a33d707bf2f54b4199a005b7b12a700) Importer(2089858483,0ecaa5967403d082aa24f35e1b516d23)
Start importing Assets/Pack 01 (Pixel Art)/PNG/Bloody bed.png using Guid(7a33d707bf2f54b4199a005b7b12a700) Importer(2089858483,0ecaa5967403d082aa24f35e1b516d23) Generated GUIDs only implemented for interfaces!
 -> (artifact id: 'a062d9816097f617481a576c4314fbc6') in 0.066035 seconds 
========================================================================
Received Import Request.
  Time since last request: 0.000024 seconds.
  path: Assets/Pack 01 (Pixel Art)/PNG/Beds and walls.png
  artifactKey: Guid(89327adee896c3840beb02d9539d8129) Importer(2089858483,0ecaa5967403d082aa24f35e1b516d23)
Start importing Assets/Pack 01 (Pixel Art)/PNG/Beds and walls.png using Guid(89327adee896c3840beb02d9539d8129) Importer(2089858483,0ecaa5967403d082aa24f35e1b516d23) Generated GUIDs only implemented for interfaces!
 -> (artifact id: '35e8a6ecee309ba9634119f27a622a2d') in 0.096237 seconds 
========================================================================
Received Import Request.
  Time since last request: 0.000020 seconds.
  path: Assets/Pack 01 (Pixel Art)/PNG/Ceiling lamp.png
  artifactKey: Guid(1a8dcd933e6e2be48ac14d11d2f7e08b) Importer(2089858483,0ecaa5967403d082aa24f35e1b516d23)
Start importing Assets/Pack 01 (Pixel Art)/PNG/Ceiling lamp.png using Guid(1a8dcd933e6e2be48ac14d11d2f7e08b) Importer(2089858483,0ecaa5967403d082aa24f35e1b516d23) Generated GUIDs only implemented for interfaces!
 -> (artifact id: 'f59a795c4f08a8436a00eb22082bb489') in 0.011165 seconds 
========================================================================
Received Import Request.
  Time since last request: 0.000020 seconds.
  path: Assets/Pack 01 (Pixel Art)/PNG/Chunk10.png
  artifactKey: Guid(d05f33ae5884e3d4684445063fc7c2d3) Importer(2089858483,0ecaa5967403d082aa24f35e1b516d23)
Start importing Assets/Pack 01 (Pixel Art)/PNG/Chunk10.png using Guid(d05f33ae5884e3d4684445063fc7c2d3) Importer(2089858483,0ecaa5967403d082aa24f35e1b516d23) Generated GUIDs only implemented for interfaces!
 -> (artifact id: '5f306ee41c36a633c00912fe911b9c4d') in 0.034581 seconds 
========================================================================
Received Import Request.
  Time since last request: 0.000055 seconds.
  path: Assets/Pack 01 (Pixel Art)/PNG/Calque 17.png
  artifactKey: Guid(b29679734aa601c4594faaa1a1abadbc) Importer(2089858483,0ecaa5967403d082aa24f35e1b516d23)
Start importing Assets/Pack 01 (Pixel Art)/PNG/Calque 17.png using Guid(b29679734aa601c4594faaa1a1abadbc) Importer(2089858483,0ecaa5967403d082aa24f35e1b516d23) Generated GUIDs only implemented for interfaces!
 -> (artifact id: '3b1abb7b5a7446683d273bfbeb0317c0') in 0.026440 seconds 
========================================================================
Received Import Request.
  Time since last request: 0.000032 seconds.
  path: Assets/Level 3/Sprites/Janela.png
  artifactKey: Guid(ca7351e44d8095e409134b0d42de67bb) Importer(2089858483,0ecaa5967403d082aa24f35e1b516d23)
Start importing Assets/Level 3/Sprites/Janela.png using Guid(ca7351e44d8095e409134b0d42de67bb) Importer(2089858483,0ecaa5967403d082aa24f35e1b516d23) Generated GUIDs only implemented for interfaces!
 -> (artifact id: 'f14439645b377960485a33ce86fb8194') in 0.013419 seconds 
========================================================================
Received Import Request.
  Time since last request: 0.000023 seconds.
  path: Assets/Pack 01 (Pixel Art)/PNG/Biorganic device.png
  artifactKey: Guid(e75d02462ed7d0645a2303b80487bbb0) Importer(2089858483,0ecaa5967403d082aa24f35e1b516d23)
Start importing Assets/Pack 01 (Pixel Art)/PNG/Biorganic device.png using Guid(e75d02462ed7d0645a2303b80487bbb0) Importer(2089858483,0ecaa5967403d082aa24f35e1b516d23) Generated GUIDs only implemented for interfaces!
 -> (artifact id: '182ec0cd8b06a6f12e7ff6b87aa26f2d') in 0.161567 seconds 
========================================================================
Received Import Request.
  Time since last request: 0.000019 seconds.
  path: Assets/Level 3/Animações/Pulando1.anim
  artifactKey: Guid(271b5a662f7ffeb4c917cd77fcdae655) Importer(2089858483,0ecaa5967403d082aa24f35e1b516d23)
Start importing Assets/Level 3/Animações/Pulando1.anim using Guid(271b5a662f7ffeb4c917cd77fcdae655) Importer(2089858483,0ecaa5967403d082aa24f35e1b516d23) Generated GUIDs only implemented for interfaces!
 -> (artifact id: 'bcec5441a46434a1b1601b24b18bfec9') in 0.058757 seconds 
========================================================================
Received Import Request.
  Time since last request: 0.000020 seconds.
  path: Assets/Deserto/Tilemaps/Deserto.prefab
  artifactKey: Guid(529711130f7ab844db14c9e0faf31f10) Importer(2089858483,0ecaa5967403d082aa24f35e1b516d23)
Start importing Assets/Deserto/Tilemaps/Deserto.prefab using Guid(529711130f7ab844db14c9e0faf31f10) Importer(2089858483,0ecaa5967403d082aa24f35e1b516d23) Generated GUIDs only implemented for interfaces!
 -> (artifact id: 'a562ef34ee80755561cdb76d4ff4f0bb') in 0.138954 seconds 
========================================================================
Received Import Request.
  Time since last request: 0.000051 seconds.
  path: Assets/Deserto/image.png
  artifactKey: Guid(e693608b5dda7924786c21ca01aa1659) Importer(2089858483,0ecaa5967403d082aa24f35e1b516d23)
Start importing Assets/Deserto/image.png using Guid(e693608b5dda7924786c21ca01aa1659) Importer(2089858483,0ecaa5967403d082aa24f35e1b516d23) Generated GUIDs only implemented for interfaces!
 -> (artifact id: '1059fa6fe446ac093fd1b7d21f7f41fd') in 0.095394 seconds 
========================================================================
Received Import Request.
  Time since last request: 0.000019 seconds.
  path: Assets/Deserto/Desert75.png
  artifactKey: Guid(f9886e8a133914840a1f3628cd0892ae) Importer(2089858483,0ecaa5967403d082aa24f35e1b516d23)
Start importing Assets/Deserto/Desert75.png using Guid(f9886e8a133914840a1f3628cd0892ae) Importer(2089858483,0ecaa5967403d082aa24f35e1b516d23) Generated GUIDs only implemented for interfaces!
 -> (artifact id: '7ed904918f0aff5c383fda317537bcde') in 0.203120 seconds 
========================================================================
Received Import Request.
  Time since last request: 0.000025 seconds.
  path: Assets/Level 2/Sprites/New Cacto.png
  artifactKey: Guid(4e622d94f7d3ed4428ae74ade9691567) Importer(2089858483,0ecaa5967403d082aa24f35e1b516d23)
Start importing Assets/Level 2/Sprites/New Cacto.png using Guid(4e622d94f7d3ed4428ae74ade9691567) Importer(2089858483,0ecaa5967403d082aa24f35e1b516d23) Generated GUIDs only implemented for interfaces!
 -> (artifact id: '69ca9d76f22b1ffdbc6e08df5591f6e0') in 0.016522 seconds 
========================================================================
Received Import Request.
  Time since last request: 0.000037 seconds.
  path: Assets/Phisical/force.physicsMaterial2D
  artifactKey: Guid(b0394cf63ff48c649a6c014a956b594b) Importer(2089858483,0ecaa5967403d082aa24f35e1b516d23)
Start importing Assets/Phisical/force.physicsMaterial2D using Guid(b0394cf63ff48c649a6c014a956b594b) Importer(2089858483,0ecaa5967403d082aa24f35e1b516d23) Generated GUIDs only implemented for interfaces!
 -> (artifact id: '582ebc8bbeba95b4135ebda8087d08fc') in 0.006749 seconds 
========================================================================
Received Import Request.
  Time since last request: 0.000025 seconds.
  path: Assets/Level 2/Animations/PlacaTrem.anim
  artifactKey: Guid(ee6708efb0178344396571df8389d9a5) Importer(2089858483,0ecaa5967403d082aa24f35e1b516d23)
Start importing Assets/Level 2/Animations/PlacaTrem.anim using Guid(ee6708efb0178344396571df8389d9a5) Importer(2089858483,0ecaa5967403d082aa24f35e1b516d23) Generated GUIDs only implemented for interfaces!
 -> (artifact id: '1e9c029612b4f1407327c0f831afec7c') in 0.005944 seconds 
========================================================================
Received Import Request.
  Time since last request: 0.000024 seconds.
  path: Assets/Deserto/Animações Cowboy/Cowboy.controller
  artifactKey: Guid(7ef70a6f71e6194408b3ba8967e42308) Importer(2089858483,0ecaa5967403d082aa24f35e1b516d23)
Start importing Assets/Deserto/Animações Cowboy/Cowboy.controller using Guid(7ef70a6f71e6194408b3ba8967e42308) Importer(2089858483,0ecaa5967403d082aa24f35e1b516d23) Generated GUIDs only implemented for interfaces!
 -> (artifact id: '0e2158e189fa3eba35448e8a5e93a690') in 0.005285 seconds 
========================================================================
Received Import Request.
  Time since last request: 0.000018 seconds.
  path: Assets/Deserto/AnimMega/Raio.anim
  artifactKey: Guid(847fda1061dd17441be2627b2185739e) Importer(2089858483,0ecaa5967403d082aa24f35e1b516d23)
Start importing Assets/Deserto/AnimMega/Raio.anim using Guid(847fda1061dd17441be2627b2185739e) Importer(2089858483,0ecaa5967403d082aa24f35e1b516d23) Generated GUIDs only implemented for interfaces!
 -> (artifact id: '64ef3ba7c0fe0398046e0856f59da551') in 0.005125 seconds 
========================================================================
Received Import Request.
  Time since last request: 0.000034 seconds.
  path: Assets/Deserto/Materials/Cactus.mat
  artifactKey: Guid(9b38cffceb49a414bad7c8bd8af35630) Importer(2089858483,0ecaa5967403d082aa24f35e1b516d23)
Start importing Assets/Deserto/Materials/Cactus.mat using Guid(9b38cffceb49a414bad7c8bd8af35630) Importer(2089858483,0ecaa5967403d082aa24f35e1b516d23) Generated GUIDs only implemented for interfaces!
 -> (artifact id: 'c65d79c0862751c52f0f9fdeaea7e186') in 0.011599 seconds 
========================================================================
Received Import Request.
  Time since last request: 0.000019 seconds.
  path: Assets/Pack 01 (Pixel Art)/PNG/Character 1.png
  artifactKey: Guid(1629de11c1d5f764c969819738bd045f) Importer(2089858483,0ecaa5967403d082aa24f35e1b516d23)
Start importing Assets/Pack 01 (Pixel Art)/PNG/Character 1.png using Guid(1629de11c1d5f764c969819738bd045f) Importer(2089858483,0ecaa5967403d082aa24f35e1b516d23) Generated GUIDs only implemented for interfaces!
 -> (artifact id: '70823ebc50936906dd8b518584e02fea') in 0.054972 seconds 
========================================================================
Received Import Request.
  Time since last request: 0.000019 seconds.
  path: Assets/Level 2/Sprites/Areia 1_0.asset
  artifactKey: Guid(9652d56b6b86b4743be6c37f7216a1d1) Importer(2089858483,0ecaa5967403d082aa24f35e1b516d23)
Start importing Assets/Level 2/Sprites/Areia 1_0.asset using Guid(9652d56b6b86b4743be6c37f7216a1d1) Importer(2089858483,0ecaa5967403d082aa24f35e1b516d23) Generated GUIDs only implemented for interfaces!
 -> (artifact id: '99985a4e3a72f81c5cf0165eb2cae529') in 0.004412 seconds 
========================================================================
Received Import Request.
  Time since last request: 0.000016 seconds.
  path: Assets/Level 2/Sprites/Areia 1.png
  artifactKey: Guid(6dbf0e757a2ae9747b7768a3720db333) Importer(2089858483,0ecaa5967403d082aa24f35e1b516d23)
Start importing Assets/Level 2/Sprites/Areia 1.png using Guid(6dbf0e757a2ae9747b7768a3720db333) Importer(2089858483,0ecaa5967403d082aa24f35e1b516d23) Generated GUIDs only implemented for interfaces!
 -> (artifact id: 'be484d3ef80dbd4502b77c062168e375') in 0.010211 seconds 
========================================================================
Received Import Request.
  Time since last request: 0.000021 seconds.
  path: Assets/Prefabs/Baril01.prefab
  artifactKey: Guid(530452a3669f48d4e9e34de2108bab85) Importer(2089858483,0ecaa5967403d082aa24f35e1b516d23)
Start importing Assets/Prefabs/Baril01.prefab using Guid(530452a3669f48d4e9e34de2108bab85) Importer(2089858483,0ecaa5967403d082aa24f35e1b516d23) Generated GUIDs only implemented for interfaces!
 -> (artifact id: '882e9acba21cfab420620247b66cd202') in 0.067563 seconds 
========================================================================
Received Import Request.
  Time since last request: 0.000020 seconds.
  path: Assets/Deserto/Tilemaps/Areia Movediça.prefab
  artifactKey: Guid(9979e070fc6aa194c9381986695c8b4f) Importer(2089858483,0ecaa5967403d082aa24f35e1b516d23)
Start importing Assets/Deserto/Tilemaps/Areia Movediça.prefab using Guid(9979e070fc6aa194c9381986695c8b4f) Importer(2089858483,0ecaa5967403d082aa24f35e1b516d23) Generated GUIDs only implemented for interfaces!
 -> (artifact id: '7694637e2bc34e4120b022ed9ee9f8f2') in 0.010104 seconds 
========================================================================
Received Import Request.
  Time since last request: 0.000081 seconds.
  path: Assets/Level 2/Animations/New Snakes.png
  artifactKey: Guid(4547d099fd59ccc49899f106bf870fac) Importer(2089858483,0ecaa5967403d082aa24f35e1b516d23)
Start importing Assets/Level 2/Animations/New Snakes.png using Guid(4547d099fd59ccc49899f106bf870fac) Importer(2089858483,0ecaa5967403d082aa24f35e1b516d23) Generated GUIDs only implemented for interfaces!
 -> (artifact id: '7a85f999eba1ad79eefad7c9bf7b8b63') in 0.015698 seconds 
========================================================================
Received Import Request.
  Time since last request: 9.385910 seconds.
  path: Assets/Pack 01 (Pixel Art)/PNG/Chunk4.png
  artifactKey: Guid(683e42992f91bbd4498eb85ab3c438c6) Importer(2089858483,0ecaa5967403d082aa24f35e1b516d23)
Start importing Assets/Pack 01 (Pixel Art)/PNG/Chunk4.png using Guid(683e42992f91bbd4498eb85ab3c438c6) Importer(2089858483,0ecaa5967403d082aa24f35e1b516d23) Generated GUIDs only implemented for interfaces!
 -> (artifact id: '4e9ba8ecff5762e18551b8d8a34dfaaf') in 0.015498 seconds 
========================================================================
Received Import Request.
  Time since last request: 0.000021 seconds.
  path: Assets/Pack 01 (Pixel Art)/PNG/Random Device 3.png
  artifactKey: Guid(c0fd94f95810dac4fa2194e0b29ec0d4) Importer(2089858483,0ecaa5967403d082aa24f35e1b516d23)
Start importing Assets/Pack 01 (Pixel Art)/PNG/Random Device 3.png using Guid(c0fd94f95810dac4fa2194e0b29ec0d4) Importer(2089858483,0ecaa5967403d082aa24f35e1b516d23) Generated GUIDs only implemented for interfaces!
 -> (artifact id: '95484518a5b2fbad11578cb4b6a31cbf') in 0.098005 seconds 
========================================================================
Received Import Request.
  Time since last request: 0.000042 seconds.
  path: Assets/Pack 01 (Pixel Art)/PNG/Props 3.png
  artifactKey: Guid(3792bd75e17889943a554a878966f2f8) Importer(2089858483,0ecaa5967403d082aa24f35e1b516d23)
Start importing Assets/Pack 01 (Pixel Art)/PNG/Props 3.png using Guid(3792bd75e17889943a554a878966f2f8) Importer(2089858483,0ecaa5967403d082aa24f35e1b516d23) Generated GUIDs only implemented for interfaces!
 -> (artifact id: '6300b2a89e76a452ed6b63f8ede9b3d8') in 0.048786 seconds 
========================================================================
Received Import Request.
  Time since last request: 0.000034 seconds.
  path: Assets/Pack 01 (Pixel Art)/PNG/Enter 2.png
  artifactKey: Guid(11c99634c24f46040b1ba2c40697d982) Importer(2089858483,0ecaa5967403d082aa24f35e1b516d23)
Start importing Assets/Pack 01 (Pixel Art)/PNG/Enter 2.png using Guid(11c99634c24f46040b1ba2c40697d982) Importer(2089858483,0ecaa5967403d082aa24f35e1b516d23) Generated GUIDs only implemented for interfaces!
 -> (artifact id: '00659ecccf12a86a438dd10c82b67c27') in 0.041247 seconds 
========================================================================
Received Import Request.
  Time since last request: 0.000027 seconds.
  path: Assets/Pack 01 (Pixel Art)/PNG/Machine 2.png
  artifactKey: Guid(46402534c92a80d409eebd11efa0bb9a) Importer(2089858483,0ecaa5967403d082aa24f35e1b516d23)
Start importing Assets/Pack 01 (Pixel Art)/PNG/Machine 2.png using Guid(46402534c92a80d409eebd11efa0bb9a) Importer(2089858483,0ecaa5967403d082aa24f35e1b516d23) Generated GUIDs only implemented for interfaces!
 -> (artifact id: '7e0ea753d46065a711bf61b72600159b') in 0.042173 seconds 
========================================================================
Received Import Request.
  Time since last request: 0.000033 seconds.
  path: Assets/Pack 01 (Pixel Art)/PNG/Chunk8.asset
  artifactKey: Guid(8fe9a83db96445e4b86b8ebcdfc103f6) Importer(2089858483,0ecaa5967403d082aa24f35e1b516d23)
Start importing Assets/Pack 01 (Pixel Art)/PNG/Chunk8.asset using Guid(8fe9a83db96445e4b86b8ebcdfc103f6) Importer(2089858483,0ecaa5967403d082aa24f35e1b516d23) Generated GUIDs only implemented for interfaces!
 -> (artifact id: 'd1dc9b4f3491c52f0e84f2805e39541e') in 0.010060 seconds 
========================================================================
Received Import Request.
  Time since last request: 0.000040 seconds.
  path: Assets/Pack 01 (Pixel Art)/PNG/post it.png
  artifactKey: Guid(66e58ab93bbc42c4bbbe20bd64aba76a) Importer(2089858483,0ecaa5967403d082aa24f35e1b516d23)
Start importing Assets/Pack 01 (Pixel Art)/PNG/post it.png using Guid(66e58ab93bbc42c4bbbe20bd64aba76a) Importer(2089858483,0ecaa5967403d082aa24f35e1b516d23) Generated GUIDs only implemented for interfaces!
 -> (artifact id: '244a93e7a3e5c29a771976c61a8fb4e8') in 0.030004 seconds 
========================================================================
Received Import Request.
  Time since last request: 0.000040 seconds.
  path: Assets/Pack 01 (Pixel Art)/PNG/Open Door 2.png
  artifactKey: Guid(1067dcb8858d9b3458ac5b4284185c8f) Importer(2089858483,0ecaa5967403d082aa24f35e1b516d23)
Start importing Assets/Pack 01 (Pixel Art)/PNG/Open Door 2.png using Guid(1067dcb8858d9b3458ac5b4284185c8f) Importer(2089858483,0ecaa5967403d082aa24f35e1b516d23) Generated GUIDs only implemented for interfaces!
 -> (artifact id: 'c806bb29e250c80901bda9e310188b76') in 0.097005 seconds 
========================================================================
Received Import Request.
  Time since last request: 0.000048 seconds.
  path: Assets/Pack 01 (Pixel Art)/PNG/Floor 4.png
  artifactKey: Guid(6715c4d0491d8ce4dba4e1b52a33b6ac) Importer(2089858483,0ecaa5967403d082aa24f35e1b516d23)
Start importing Assets/Pack 01 (Pixel Art)/PNG/Floor 4.png using Guid(6715c4d0491d8ce4dba4e1b52a33b6ac) Importer(2089858483,0ecaa5967403d082aa24f35e1b516d23) Generated GUIDs only implemented for interfaces!
 -> (artifact id: '45de6dd6032972da6e8ac668872a326a') in 0.042923 seconds 
========================================================================
Received Import Request.
  Time since last request: 0.000074 seconds.
  path: Assets/Pack 01 (Pixel Art)/PNG/Screen info 3.png
  artifactKey: Guid(5e36e9bcbf719a4429c47ff68c7ccca3) Importer(2089858483,0ecaa5967403d082aa24f35e1b516d23)
Start importing Assets/Pack 01 (Pixel Art)/PNG/Screen info 3.png using Guid(5e36e9bcbf719a4429c47ff68c7ccca3) Importer(2089858483,0ecaa5967403d082aa24f35e1b516d23) Generated GUIDs only implemented for interfaces!
 -> (artifact id: '179a64f0b3b63199e024a58d2a341ad1') in 0.016705 seconds 
========================================================================
Received Import Request.
  Time since last request: 0.000024 seconds.
  path: Assets/Plugins/GitHub/Editor/GitHub.Api.dll.mdb
  artifactKey: Guid(c5c83d14802e712408f23409f3c59e26) Importer(2089858483,0ecaa5967403d082aa24f35e1b516d23)
Start importing Assets/Plugins/GitHub/Editor/GitHub.Api.dll.mdb using Guid(c5c83d14802e712408f23409f3c59e26) Importer(2089858483,0ecaa5967403d082aa24f35e1b516d23) Generated GUIDs only implemented for interfaces!
 -> (artifact id: 'd86e012aa9089a8db5e2b22236d08b20') in 0.013274 seconds 
========================================================================
Received Import Request.
  Time since last request: 0.000028 seconds.
  path: Assets/Plugins/GitHub/Editor/GitHub.Api.45.dll.mdb
  artifactKey: Guid(181f65fb096cedd4493bc9971257d8b1) Importer(2089858483,0ecaa5967403d082aa24f35e1b516d23)
Start importing Assets/Plugins/GitHub/Editor/GitHub.Api.45.dll.mdb using Guid(181f65fb096cedd4493bc9971257d8b1) Importer(2089858483,0ecaa5967403d082aa24f35e1b516d23) Generated GUIDs only implemented for interfaces!
 -> (artifact id: 'c8b2483bff91c8450c598a2a5a1d5fd2') in 0.005562 seconds 
========================================================================
Received Import Request.
  Time since last request: 0.000022 seconds.
  path: Assets/Pack 01 (Pixel Art)/PNG/Wall cover copie.png
  artifactKey: Guid(bf8e243b447742a4ab5480c5d660c2fc) Importer(2089858483,0ecaa5967403d082aa24f35e1b516d23)
Start importing Assets/Pack 01 (Pixel Art)/PNG/Wall cover copie.png using Guid(bf8e243b447742a4ab5480c5d660c2fc) Importer(2089858483,0ecaa5967403d082aa24f35e1b516d23) Generated GUIDs only implemented for interfaces!
 -> (artifact id: '83eec5cc4c1ef447bb3cb8b96ce5ac16') in 0.168937 seconds 
========================================================================
Received Import Request.
  Time since last request: 0.000077 seconds.
  path: Assets/Plugins/GitHub/Editor/big-logo@2x.png
  artifactKey: Guid(f81094832d834c64d93b198cb16b6a3e) Importer(2089858483,0ecaa5967403d082aa24f35e1b516d23)
Start importing Assets/Plugins/GitHub/Editor/big-logo@2x.png using Guid(f81094832d834c64d93b198cb16b6a3e) Importer(2089858483,0ecaa5967403d082aa24f35e1b516d23) Generated GUIDs only implemented for interfaces!
 -> (artifact id: 'd1b0e1a661a59531808d8fcb8917233d') in 0.091652 seconds 
========================================================================
Received Import Request.
  Time since last request: 0.000046 seconds.
  path: Assets/Plugins/GitHub/Editor/ReadOnlyCollectionsInterfaces.dll
  artifactKey: Guid(48c22d5d7479fcb49ab3be0cdd2ccec0) Importer(2089858483,0ecaa5967403d082aa24f35e1b516d23)
Start importing Assets/Plugins/GitHub/Editor/ReadOnlyCollectionsInterfaces.dll using Guid(48c22d5d7479fcb49ab3be0cdd2ccec0) Importer(2089858483,0ecaa5967403d082aa24f35e1b516d23) Generated GUIDs only implemented for interfaces!
 -> (artifact id: '951a3f64cda4f785b26743a457f81fad') in 0.014254 seconds 
========================================================================
Received Import Request.
  Time since last request: 0.000035 seconds.
  path: Assets/Plugins/GitHub/Editor/GitHub.Unity.45.dll.mdb
  artifactKey: Guid(877ef3585573ce44eab899298be23158) Importer(2089858483,0ecaa5967403d082aa24f35e1b516d23)
Start importing Assets/Plugins/GitHub/Editor/GitHub.Unity.45.dll.mdb using Guid(877ef3585573ce44eab899298be23158) Importer(2089858483,0ecaa5967403d082aa24f35e1b516d23) Generated GUIDs only implemented for interfaces!
 -> (artifact id: '9acbf9fa7e9932d4241c200ca756a1d9') in 0.005230 seconds 
========================================================================
Received Import Request.
  Time since last request: 0.000031 seconds.
  path: Assets/Pack 01 (Pixel Art)/PNG/Screen info 2.png
  artifactKey: Guid(e0e1882251546b5459938935c121b026) Importer(2089858483,0ecaa5967403d082aa24f35e1b516d23)
Start importing Assets/Pack 01 (Pixel Art)/PNG/Screen info 2.png using Guid(e0e1882251546b5459938935c121b026) Importer(2089858483,0ecaa5967403d082aa24f35e1b516d23) Generated GUIDs only implemented for interfaces!
 -> (artifact id: '3eba34845934bf8f9eaebfadc9028cad') in 0.044871 seconds 
========================================================================
Received Import Request.
  Time since last request: 0.000044 seconds.
  path: Assets/Pack 01 (Pixel Art)/PNG/Pillars 1.png
  artifactKey: Guid(a1c892b73fb6bb94bb3d15c1d85282c2) Importer(2089858483,0ecaa5967403d082aa24f35e1b516d23)
Start importing Assets/Pack 01 (Pixel Art)/PNG/Pillars 1.png using Guid(a1c892b73fb6bb94bb3d15c1d85282c2) Importer(2089858483,0ecaa5967403d082aa24f35e1b516d23) Generated GUIDs only implemented for interfaces!
 -> (artifact id: '0fbc68fffaaf393201abced43b2a4972') in 0.053245 seconds 
========================================================================
Received Import Request.
  Time since last request: 0.000021 seconds.
  path: Assets/Pack 01 (Pixel Art)/PNG/Window special 1.png
  artifactKey: Guid(3dc61b910f3c7a5488d9fd66235707f6) Importer(2089858483,0ecaa5967403d082aa24f35e1b516d23)
Start importing Assets/Pack 01 (Pixel Art)/PNG/Window special 1.png using Guid(3dc61b910f3c7a5488d9fd66235707f6) Importer(2089858483,0ecaa5967403d082aa24f35e1b516d23) Generated GUIDs only implemented for interfaces!
 -> (artifact id: '2080a6623a44b2701a92c8165923b096') in 0.097088 seconds 
========================================================================
Received Import Request.
  Time since last request: 0.000029 seconds.
  path: Assets/Pack 01 (Pixel Art)/PNG/Sticker 1.png
  artifactKey: Guid(1278207950f9e9e45a9852a19af6a7c1) Importer(2089858483,0ecaa5967403d082aa24f35e1b516d23)
Start importing Assets/Pack 01 (Pixel Art)/PNG/Sticker 1.png using Guid(1278207950f9e9e45a9852a19af6a7c1) Importer(2089858483,0ecaa5967403d082aa24f35e1b516d23) Generated GUIDs only implemented for interfaces!
 -> (artifact id: 'f900c9f2ea820146e1daf28019d25fe5') in 0.056572 seconds 
========================================================================
Received Import Request.
  Time since last request: 0.000051 seconds.
  path: Assets/Pack 01 (Pixel Art)/PNG/Chunk9.asset
  artifactKey: Guid(7f12a6aafcd19654c91e4219ae670fa7) Importer(2089858483,0ecaa5967403d082aa24f35e1b516d23)
Start importing Assets/Pack 01 (Pixel Art)/PNG/Chunk9.asset using Guid(7f12a6aafcd19654c91e4219ae670fa7) Importer(2089858483,0ecaa5967403d082aa24f35e1b516d23) Generated GUIDs only implemented for interfaces!
 -> (artifact id: 'a95b1fcb363e00799179ff6db08793c3') in 0.015979 seconds 
========================================================================
Received Import Request.
  Time since last request: 0.000026 seconds.
  path: Assets/Pack 01 (Pixel Art)/PNG/Hand scanner.png
  artifactKey: Guid(fd129fed5e515114ea98dff24d8b2605) Importer(2089858483,0ecaa5967403d082aa24f35e1b516d23)
Start importing Assets/Pack 01 (Pixel Art)/PNG/Hand scanner.png using Guid(fd129fed5e515114ea98dff24d8b2605) Importer(2089858483,0ecaa5967403d082aa24f35e1b516d23) Generated GUIDs only implemented for interfaces!
 -> (artifact id: 'd8d76baa3e25723577cb525965b78820') in 0.045290 seconds 
========================================================================
Received Import Request.
  Time since last request: 0.000036 seconds.
  path: Assets/Pack 01 (Pixel Art)/PNG/Stairs.png
  artifactKey: Guid(b8bd4dd8c25dd264a834442d52a1b253) Importer(2089858483,0ecaa5967403d082aa24f35e1b516d23)
Start importing Assets/Pack 01 (Pixel Art)/PNG/Stairs.png using Guid(b8bd4dd8c25dd264a834442d52a1b253) Importer(2089858483,0ecaa5967403d082aa24f35e1b516d23) Generated GUIDs only implemented for interfaces!
 -> (artifact id: '73a869ebf37dbdf2d5fa24c7e4e40a5d') in 0.089777 seconds 
========================================================================
Received Import Request.
  Time since last request: 0.000104 seconds.
  path: Assets/Pack 01 (Pixel Art)/PNG/Chunk6.png
  artifactKey: Guid(915756986ff265d48a07c9c734a88bcd) Importer(2089858483,0ecaa5967403d082aa24f35e1b516d23)
Start importing Assets/Pack 01 (Pixel Art)/PNG/Chunk6.png using Guid(915756986ff265d48a07c9c734a88bcd) Importer(2089858483,0ecaa5967403d082aa24f35e1b516d23) Generated GUIDs only implemented for interfaces!
 -> (artifact id: 'ef75d4b9ba1074c7e513d852a23b2c72') in 0.021227 seconds 
========================================================================
Received Import Request.
  Time since last request: 0.000062 seconds.
  path: Assets/Plugins/GitHub/Editor/libsfw.so
  artifactKey: Guid(21206c65839f84d0e9ae14bc1fdc68db) Importer(2089858483,0ecaa5967403d082aa24f35e1b516d23)
Start importing Assets/Plugins/GitHub/Editor/libsfw.so using Guid(21206c65839f84d0e9ae14bc1fdc68db) Importer(2089858483,0ecaa5967403d082aa24f35e1b516d23) Generated GUIDs only implemented for interfaces!
 -> (artifact id: '7b644b525eb7e90facf5ff33c418be77') in 0.011127 seconds 
========================================================================
Received Import Request.
  Time since last request: 0.000039 seconds.
  path: Assets/Pack 01 (Pixel Art)/PNG/Machine 1.png
  artifactKey: Guid(a5efbf2fc1ecdc8409f92f8aba248a34) Importer(2089858483,0ecaa5967403d082aa24f35e1b516d23)
Start importing Assets/Pack 01 (Pixel Art)/PNG/Machine 1.png using Guid(a5efbf2fc1ecdc8409f92f8aba248a34) Importer(2089858483,0ecaa5967403d082aa24f35e1b516d23) Generated GUIDs only implemented for interfaces!
 -> (artifact id: '9cecd4ceaf588a001e4ecb81b86bb636') in 0.152312 seconds 
========================================================================
Received Import Request.
  Time since last request: 0.000047 seconds.
  path: Assets/Plugins/GitHub/Editor/ExtensionLoader.cs
  artifactKey: Guid(dae2ecee8a704dd59797e26554ff8606) Importer(2089858483,0ecaa5967403d082aa24f35e1b516d23)
Start importing Assets/Plugins/GitHub/Editor/ExtensionLoader.cs using Guid(dae2ecee8a704dd59797e26554ff8606) Importer(2089858483,0ecaa5967403d082aa24f35e1b516d23) Generated GUIDs only implemented for interfaces!
 -> (artifact id: '6d75f830dc8b804f6eafc2d6b9c8c407') in 0.014092 seconds 
========================================================================
Received Import Request.
  Time since last request: 0.000046 seconds.
  path: Assets/Pack 01 (Pixel Art)/PNG/Small machine 3-1.png
  artifactKey: Guid(236ce5bee73a025439defeca12b7280d) Importer(2089858483,0ecaa5967403d082aa24f35e1b516d23)
Start importing Assets/Pack 01 (Pixel Art)/PNG/Small machine 3-1.png using Guid(236ce5bee73a025439defeca12b7280d) Importer(2089858483,0ecaa5967403d082aa24f35e1b516d23) Generated GUIDs only implemented for interfaces!
 -> (artifact id: '7737896dd56862c34f99c7665c30b484') in 0.281776 seconds 
========================================================================
Received Import Request.
  Time since last request: 0.000039 seconds.
  path: Assets/Plugins/GitHub/Editor/GitHub.UnityShim.dll.mdb
  artifactKey: Guid(1186e0491049e40ba8e7e19e418d9e8e) Importer(2089858483,0ecaa5967403d082aa24f35e1b516d23)
Start importing Assets/Plugins/GitHub/Editor/GitHub.UnityShim.dll.mdb using Guid(1186e0491049e40ba8e7e19e418d9e8e) Importer(2089858483,0ecaa5967403d082aa24f35e1b516d23) Generated GUIDs only implemented for interfaces!
 -> (artifact id: 'f35192fc808464822b289556af09aaf2') in 0.022546 seconds 
========================================================================
Received Import Request.
  Time since last request: 0.000078 seconds.
  path: Assets/Pack 01 (Pixel Art)/PNG/Desk 1.png
  artifactKey: Guid(cb687110895b7024ead8e413ae1fe82c) Importer(2089858483,0ecaa5967403d082aa24f35e1b516d23)
Start importing Assets/Pack 01 (Pixel Art)/PNG/Desk 1.png using Guid(cb687110895b7024ead8e413ae1fe82c) Importer(2089858483,0ecaa5967403d082aa24f35e1b516d23) Generated GUIDs only implemented for interfaces!
 -> (artifact id: '253ef9ab4002b896d1dead17e47b3c0e') in 0.030698 seconds 
========================================================================
Received Import Request.
  Time since last request: 0.000070 seconds.
  path: Assets/Pack 01 (Pixel Art)/PNG/Semi-wall 1.png
  artifactKey: Guid(6617768432486a044aceb30467d4e194) Importer(2089858483,0ecaa5967403d082aa24f35e1b516d23)
Start importing Assets/Pack 01 (Pixel Art)/PNG/Semi-wall 1.png using Guid(6617768432486a044aceb30467d4e194) Importer(2089858483,0ecaa5967403d082aa24f35e1b516d23) Generated GUIDs only implemented for interfaces!
 -> (artifact id: '20161afada7788d91e5d10a5c2685bd6') in 0.046779 seconds 
========================================================================
Received Import Request.
  Time since last request: 0.000063 seconds.
  path: Assets/Pack 01 (Pixel Art)/PNG/Wall cover.png
  artifactKey: Guid(e72e1dd666f86444aa468b20e7c26092) Importer(2089858483,0ecaa5967403d082aa24f35e1b516d23)
Start importing Assets/Pack 01 (Pixel Art)/PNG/Wall cover.png using Guid(e72e1dd666f86444aa468b20e7c26092) Importer(2089858483,0ecaa5967403d082aa24f35e1b516d23) Generated GUIDs only implemented for interfaces!
 -> (artifact id: 'd8050b599f37544b2a4d8b4a1f9d61cf') in 0.077068 seconds 
========================================================================
Received Import Request.
  Time since last request: 0.000045 seconds.
  path: Assets/Pack 01 (Pixel Art)/PNG/Lockers 1.png
  artifactKey: Guid(3bb6e51f3bdc5fe429b2ffa47df02c60) Importer(2089858483,0ecaa5967403d082aa24f35e1b516d23)
Start importing Assets/Pack 01 (Pixel Art)/PNG/Lockers 1.png using Guid(3bb6e51f3bdc5fe429b2ffa47df02c60) Importer(2089858483,0ecaa5967403d082aa24f35e1b516d23) Generated GUIDs only implemented for interfaces!
 -> (artifact id: '53a4cd908caf8097b6a23de910c15803') in 0.066508 seconds 
========================================================================
Received Import Request.
  Time since last request: 0.000061 seconds.
  path: Assets/Plugins/GitHub/Editor/GitHub.UnityShim.dll
  artifactKey: Guid(863e1b9976c4e46d29bf83928b3a8ab2) Importer(2089858483,0ecaa5967403d082aa24f35e1b516d23)
Start importing Assets/Plugins/GitHub/Editor/GitHub.UnityShim.dll using Guid(863e1b9976c4e46d29bf83928b3a8ab2) Importer(2089858483,0ecaa5967403d082aa24f35e1b516d23) Generated GUIDs only implemented for interfaces!
 -> (artifact id: '6e118f9daf7f33256a14fcf1df32c71b') in 0.008590 seconds 
Editor requested this worker to shutdown with reason: Scaling down because of idle timeout
AssetImportWorker is now disconnected from the server
Process exiting
Exiting without the bug reporter. Application will terminate with return code 0